ISim log file
Running: D:\coding\CO\Verilog\P6\tb_isim_beh.exe -intstyle ise -gui -tclbatch isim.cmd -wdb D:/coding/CO/Verilog/P6/tb_isim_beh.wdb 
ISim P.20131013 (signature 0x7708f090)
WARNING: A WEBPACK license was found.
WARNING: Please use Xilinx License Configuration Manager to check out a full ISim license.
WARNING: ISim will run in Lite mode. Please refer to the ISim documentation for more information on the differences between the Lite and the Full version.
This is a Lite version of ISim.
Time resolution is 1 ps
# onerror resume
# wave add /
# run 1000 ns
Simulator is doing circuit initialization process.
Finished circuit initialization process.
                  45@00003000: $28 <= 00000000
                  55@00003004: $29 <= 00000000
                  65@00003008: $31 <= 00003010
                  75@0000300c: $16 <= 0000000c
                  85@00003014: $16 <= 0000301c
                 115@0000301c: $15 <= 00000000
                 125@0000301c: $15 <= 00000000
# restart
# run 1.00us
Simulator is doing circuit initialization process.
Finished circuit initialization process.
                  45@00003000: $28 <= 00000000
                  55@00003004: $29 <= 00000000
                  65@00003008: $31 <= 00003010
                  75@0000300c: $16 <= 0000000c
                  85@00003014: $16 <= 0000301c
                 115@0000301c: $15 <= 00000000
                 125@0000301c: $15 <= 00000000
# restart
# run 1.00us
Simulator is doing circuit initialization process.
Finished circuit initialization process.
                  45@00003000: $28 <= 00000000
                  55@00003004: $29 <= 00000000
                  65@00003008: $31 <= 00003010
                  75@0000300c: $16 <= 0000000c
                  85@00003014: $16 <= 0000301c
                 115@0000301c: $15 <= 00000000
                 125@0000301c: $15 <= 00000000
# restart
# run 1.00us
Simulator is doing circuit initialization process.
Finished circuit initialization process.
                  45@00003000: $28 <= 00000000
                  55@00003004: $29 <= 00000000
                  65@00003008: $31 <= 00003010
                  75@0000300c: $16 <= 0000000c
                  85@00003014: $16 <= 0000301c
                 115@0000301c: $15 <= 00000000
                 125@0000301c: $15 <= 00000000
# restart
# run 1.00us
Simulator is doing circuit initialization process.
Finished circuit initialization process.
                  45@00003000: $28 <= 00000000
                  55@00003004: $29 <= 00000000
                  65@00003008: $31 <= 00003010
                  75@0000300c: $16 <= 0000000c
                  85@00003014: $16 <= 0000301c
                 115@0000301c: $15 <= 00000000
                 125@0000301c: $15 <= 00000000
# restart
# run 1.00us
Simulator is doing circuit initialization process.
Finished circuit initialization process.
                  45@00003000: $28 <= 00000000
                  55@00003004: $29 <= 00000000
                  65@00003008: $31 <= 00003010
                  75@0000300c: $16 <= 0000000c
                  85@00003014: $16 <= 0000301c
                 115@0000301c: $15 <= 00000000
                 125@0000301c: $15 <= 00000000
# restart
# run 1.00us
Simulator is doing circuit initialization process.
Finished circuit initialization process.
                  45@00003000: $28 <= 00000000
                  55@00003004: $29 <= 00000000
                  65@00003008: $31 <= 00003010
                  75@0000300c: $16 <= 0000000c
                  85@00003014: $16 <= 0000301c
                 115@0000301c: $15 <= 00000000
                 125@0000301c: $15 <= 00000000
# restart
# run 1.00us
Simulator is doing circuit initialization process.
Finished circuit initialization process.
                  45@00003000: $28 <= 00000000
                  55@00003004: $29 <= 00000000
                  65@00003008: $31 <= 00003010
                  75@0000300c: $16 <= 0000000c
                  85@00003014: $16 <= 0000301c
                 115@0000301c: $15 <= 00000000
                 125@0000301c: $15 <= 00000000
# restart
# run 1.00us
Simulator is doing circuit initialization process.
Finished circuit initialization process.
                  45@00003000: $28 <= 00000000
                  55@00003004: $29 <= 00000000
                  65@00003008: $31 <= 00003010
                  75@0000300c: $16 <= 0000000c
                  85@00003014: $16 <= 0000301c
                 115@0000301c: $15 <= 00000000
                 125@0000301c: $15 <= 00000000
