Command line:
   dec_isim_beh.exe
     -simmode  gui
     -simrunnum  0
     -socket  49784

Sat Nov 21 23:54:16 2020


 Elaboration Time: 0.140625 sec

 Current Memory Usage: 5818.72 Meg

 Total Signals          : 44
 Total Nets             : 62
 Total Signal Drivers   : 22
 Total Blocks           : 3
 Total Primitive Blocks : 2
 Total Processes        : 23
 Total Traceable Variables  : 18
 Total Scalar Nets and Variables : 142
Total Line Count : 31

 Total Simulation Time: 0.15625 sec

 Current Memory Usage: 5818.72 Meg

Sat Nov 21 23:54:19 2020

