Command line:
   tb_isim_beh.exe
     -simmode  gui
     -simrunnum  0
     -socket  63285

Tue Nov 24 17:49:30 2020


 Elaboration Time: 0.15625 sec

 Current Memory Usage: 5818.11 Meg

 Total Signals          : 80
 Total Nets             : 397
 Total Signal Drivers   : 37
 Total Blocks           : 8
 Total Primitive Blocks : 6
 Total Processes        : 47
 Total Traceable Variables  : 27
 Total Scalar Nets and Variables : 67231
Total Line Count : 74

 Total Simulation Time: 0.15625 sec

 Current Memory Usage: 5818.11 Meg

Tue Nov 24 17:49:59 2020

