ISim log file
Running: D:\coding\CO\Verilog\P4\tb_isim_beh.exe -intstyle ise -gui -tclbatch isim.cmd -wdb D:/coding/CO/Verilog/P4/tb_isim_beh.wdb 
ISim P.20131013 (signature 0x7708f090)
WARNING: A WEBPACK license was found.
WARNING: Please use Xilinx License Configuration Manager to check out a full ISim license.
WARNING: ISim will run in Lite mode. Please refer to the ISim documentation for more information on the differences between the Lite and the Full version.
This is a Lite version of ISim.
Time resolution is 1 ps
# onerror resume
# wave add /
# run 1000 ns
Simulator is doing circuit initialization process.
Finished circuit initialization process.
@00003000: $ 1 <= 0000162e
@00003004: *00000004 <= 0000162e
@00003008: $ 2 <= 0000162e
@0000300c: *00000008 <= 0000162e
@00003010: $ 3 <= 0000162e
@00003014: *0000000c <= 0000162e
@00003018: $ 4 <= 0000162e
@0000301c: *00000010 <= 0000162e
@00003020: $ 5 <= 0000162e
@00003024: *00000014 <= 0000162e
@00003028: $ 6 <= 0000162e
@0000302c: *00000018 <= 0000162e
@00003030: $ 7 <= 0000162e
@00003034: *0000001c <= 0000162e
@00003038: $ 8 <= 0000162e
@0000303c: *00000020 <= 0000162e
@00003040: $ 9 <= 0000162e
@00003044: *00000024 <= 0000162e
@00003048: $10 <= 0000162e
@0000304c: *00000028 <= 0000162e
@00003050: $11 <= 0000162e
@00003054: *0000002c <= 0000162e
@00003058: $12 <= 0000162e
@0000305c: *00000030 <= 0000162e
@00003060: $13 <= 0000162e
@00003064: *00000034 <= 0000162e
@00003068: $14 <= 0000162e
@0000306c: *00000038 <= 0000162e
@00003070: $15 <= 0000162e
@00003074: *0000003c <= 0000162e
@00003078: $16 <= 0000162e
@0000307c: $16 <= 0000377e
@00003080: *00000040 <= 0000377e
@00003084: $17 <= 0000377e
@00003088: *00000044 <= 0000377e
@0000308c: $18 <= 0000377e
@00003090: *00000048 <= 0000377e
@00003094: $19 <= 0000377e
@00003098: *0000004c <= 0000377e
@0000309c: $20 <= 0000377e
@000030a0: *00000050 <= 0000377e
@000030a4: $21 <= 0000377e
@000030a8: *00000054 <= 0000377e
@000030ac: $22 <= 0000377e
@000030b0: *00000058 <= 0000377e
@000030b4: $23 <= 0000377e
@000030b8: *0000005c <= 0000377e
@000030bc: $24 <= 0000377e
@000030c0: *00000060 <= 0000377e
@000030c4: $25 <= 0000377e
@000030c8: *00000064 <= 0000377e
@000030cc: $26 <= 0000377e
@000030d0: *00000068 <= 0000377e
@000030d4: $27 <= 0000377e
@000030d8: *0000006c <= 0000377e
@000030dc: $28 <= 0000377e
@000030e0: *00000070 <= 0000377e
@000030e4: $29 <= 0000377e
@000030e8: *00000074 <= 0000377e
@000030ec: $30 <= 0000377e
@000030f0: *00000078 <= 0000377e
@000030f4: $31 <= 0000377e
@000030f8: *0000007c <= 0000377e
