Running: D:\ISE\14.7\ISE_DS\ISE\bin\nt64\unwrapped\fuse.exe -intstyle ise -incremental -lib unisims_ver -lib unimacro_ver -lib xilinxcorelib_ver -lib secureip -o D:/coding/CO/Verilog/P4/tb_isim_beh.exe -prj D:/coding/CO/Verilog/P4/tb_beh.prj work.tb work.glbl 
ISim P.20131013 (signature 0x7708f090)
Number of CPUs detected in this system: 12
Turning on mult-threading, number of parallel sub-compilation jobs: 24 
Determining compilation order of HDL files
Analyzing Verilog file "D:/coding/CO/Verilog/P4/ifu.v" into library work
Analyzing Verilog file "D:/coding/CO/Verilog/P4/grf.v" into library work
Analyzing Verilog file "D:/coding/CO/Verilog/P4/dm.v" into library work
Analyzing Verilog file "D:/coding/CO/Verilog/P4/ctrl.v" into library work
Analyzing Verilog file "D:/coding/CO/Verilog/P4/alu.v" into library work
Analyzing Verilog file "D:/coding/CO/Verilog/P4/mips.v" into library work
Analyzing Verilog file "D:/coding/CO/Verilog/P4/tb.v" into library work
WARNING:HDLCompiler:568 - "D:/coding/CO/Verilog/P4/tb.v" Line 46: Constant value is truncated to fit in <32> bits.
Analyzing Verilog file "D:/ISE/14.7/ISE_DS/ISE//verilog/src/glbl.v" into library work
Starting static elaboration
Completed static elaboration
Compiling module ctrl
Compiling module ifu
Compiling module grf
Compiling module alu
Compiling module dm
Compiling module mips
Compiling module tb
Compiling module glbl
Time Resolution for simulation is 1ps.
Waiting for 1 sub-compilation(s) to finish...
Compiled 8 Verilog Units
Built simulation executable D:/coding/CO/Verilog/P4/tb_isim_beh.exe
Fuse Memory Usage: 28696 KB
Fuse CPU Usage: 327 ms
