#! /usr/local/iverilog/bin/vvp
:ivl_version "11.0 (devel)";
:ivl_delay_selection "TYPICAL";
:vpi_time_precision - 12;
:vpi_module "D:\iverilog\lib\ivl\system.vpi";
:vpi_module "D:\iverilog\lib\ivl\vhdl_sys.vpi";
:vpi_module "D:\iverilog\lib\ivl\vhdl_textio.vpi";
:vpi_module "D:\iverilog\lib\ivl\v2005_math.vpi";
:vpi_module "D:\iverilog\lib\ivl\va_math.vpi";
S_0000000001141ff0 .scope module, "tb" "tb" 2 25;
 .timescale -9 -12;
v000000000119c780_0 .var "clk", 0 0;
v000000000119d540_0 .var/i "i", 31 0;
v000000000119d360_0 .var "reset", 0 0;
S_0000000000946f00 .scope module, "uut" "mips" 2 32, 3 21 0, S_0000000001141ff0;
 .timescale -9 -12;
    .port_info 0 /INPUT 1 "clk";
    .port_info 1 /INPUT 1 "reset";
v0000000001199b60_0 .net "A3", 4 0, L_0000000001535450;  1 drivers
v0000000001198800_0 .net "ALUOp", 3 0, L_0000000001537ed0;  1 drivers
v00000000011995c0_0 .net "ALUSrc", 1 0, L_0000000001538a10;  1 drivers
v0000000001199660_0 .net "AO", 31 0, L_0000000001537890;  1 drivers
v00000000011997a0_0 .net "B", 31 0, L_00000000015351d0;  1 drivers
v0000000001198440_0 .net "I", 31 0, L_000000000113f8c0;  1 drivers
v0000000001198bc0_0 .net "MemWrite", 0 0, L_0000000001538970;  1 drivers
v00000000011998e0_0 .net "MemtoReg", 1 0, L_00000000015383d0;  1 drivers
v0000000001198300_0 .net "PC", 31 0, v0000000001198b20_0;  1 drivers
v0000000001199d40_0 .net "PCSrc", 1 0, L_000000000119d9a0;  1 drivers
v00000000011983a0_0 .net "RD", 31 0, L_000000000113f620;  1 drivers
v0000000001199980_0 .net "RD1", 31 0, L_000000000113fc40;  1 drivers
v0000000001199de0_0 .net "RD2", 31 0, L_000000000113f2a0;  1 drivers
v0000000001198620_0 .net "RegDst", 1 0, L_0000000001537cf0;  1 drivers
v00000000011989e0_0 .net "RegWrite", 0 0, L_0000000001538ab0;  1 drivers
v000000000119a950_0 .net "WD", 31 0, L_0000000001535130;  1 drivers
v000000000119b670_0 .net "Zero", 0 0, L_0000000001537390;  1 drivers
L_00000000014e9f00 .functor BUFT 1, C4<0>, C4<0>, C4<0>, C4<0>;
v000000000119b530_0 .net *"_ivl_101", 0 0, L_00000000014e9f00;  1 drivers
v000000000119adb0_0 .net *"_ivl_102", 31 0, L_0000000001535810;  1 drivers
L_00000000014e9f48 .functor BUFT 1, C4<000000000000000000000000000000>, C4<0>, C4<0>, C4<0>;
v000000000119bc10_0 .net *"_ivl_105", 29 0, L_00000000014e9f48;  1 drivers
L_00000000014e9f90 .functor BUFT 1, C4<00000000000000000000000000000010>, C4<0>, C4<0>, C4<0>;
v000000000119af90_0 .net/2u *"_ivl_106", 31 0, L_00000000014e9f90;  1 drivers
v000000000119ba30_0 .net *"_ivl_108", 0 0, L_0000000001536490;  1 drivers
v000000000119b7b0_0 .net *"_ivl_11", 0 0, L_00000000015385b0;  1 drivers
L_00000000014e9fd8 .functor BUFT 1, C4<011111>, C4<0>, C4<0>, C4<0>;
v000000000119b710_0 .net/2u *"_ivl_110", 5 0, L_00000000014e9fd8;  1 drivers
v000000000119bcb0_0 .net *"_ivl_113", 4 0, L_00000000015367b0;  1 drivers
v000000000119a450_0 .net *"_ivl_114", 5 0, L_00000000015358b0;  1 drivers
L_00000000014ea020 .functor BUFT 1, C4<0>, C4<0>, C4<0>, C4<0>;
v000000000119a590_0 .net *"_ivl_117", 0 0, L_00000000014ea020;  1 drivers
v000000000119a810_0 .net *"_ivl_118", 5 0, L_00000000015372f0;  1 drivers
L_00000000014e9a38 .functor BUFT 1, C4<1111111111111111>, C4<0>, C4<0>, C4<0>;
v000000000119b2b0_0 .net/2u *"_ivl_12", 15 0, L_00000000014e9a38;  1 drivers
v000000000119b850_0 .net *"_ivl_120", 5 0, L_0000000001536d50;  1 drivers
v000000000119bad0_0 .net *"_ivl_124", 31 0, L_0000000001536670;  1 drivers
L_00000000014ea068 .functor BUFT 1, C4<000000000000000000000000000000>, C4<0>, C4<0>, C4<0>;
v000000000119a8b0_0 .net *"_ivl_127", 29 0, L_00000000014ea068;  1 drivers
L_00000000014ea0b0 .functor BUFT 1, C4<00000000000000000000000000000001>, C4<0>, C4<0>, C4<0>;
v000000000119a4f0_0 .net/2u *"_ivl_128", 31 0, L_00000000014ea0b0;  1 drivers
v000000000119ab30_0 .net *"_ivl_130", 0 0, L_0000000001535d10;  1 drivers
v000000000119ae50_0 .net *"_ivl_132", 31 0, L_0000000001535950;  1 drivers
L_00000000014ea0f8 .functor BUFT 1, C4<000000000000000000000000000000>, C4<0>, C4<0>, C4<0>;
v000000000119abd0_0 .net *"_ivl_135", 29 0, L_00000000014ea0f8;  1 drivers
L_00000000014ea140 .functor BUFT 1, C4<00000000000000000000000000000010>, C4<0>, C4<0>, C4<0>;
v000000000119a9f0_0 .net/2u *"_ivl_136", 31 0, L_00000000014ea140;  1 drivers
v000000000119b8f0_0 .net *"_ivl_138", 0 0, L_00000000015376b0;  1 drivers
L_00000000014ea188 .functor BUFT 1, C4<00000000000000000000000000000100>, C4<0>, C4<0>, C4<0>;
v000000000119aef0_0 .net/2u *"_ivl_140", 31 0, L_00000000014ea188;  1 drivers
v000000000119a630_0 .net *"_ivl_142", 31 0, L_0000000001536170;  1 drivers
v000000000119a770_0 .net *"_ivl_144", 31 0, L_0000000001536df0;  1 drivers
v000000000119bb70_0 .net *"_ivl_148", 31 0, L_0000000001535db0;  1 drivers
v000000000119ac70_0 .net *"_ivl_15", 15 0, L_0000000001537b10;  1 drivers
L_00000000014ea458 .functor BUFT 1, C4<000000000000000000000000000000>, C4<0>, C4<0>, C4<0>;
v000000000119b990_0 .net *"_ivl_151", 29 0, L_00000000014ea458;  1 drivers
L_00000000014ea4a0 .functor BUFT 1, C4<00000000000000000000000000000001>, C4<0>, C4<0>, C4<0>;
v000000000119a6d0_0 .net/2u *"_ivl_152", 31 0, L_00000000014ea4a0;  1 drivers
v000000000119b490_0 .net *"_ivl_154", 0 0, L_0000000001535f90;  1 drivers
v000000000119b350_0 .net *"_ivl_156", 31 0, L_0000000001535bd0;  1 drivers
L_00000000014ea4e8 .functor BUFT 1, C4<000000000000000000000000000000>, C4<0>, C4<0>, C4<0>;
v000000000119b3f0_0 .net *"_ivl_159", 29 0, L_00000000014ea4e8;  1 drivers
v000000000119bf30_0 .net *"_ivl_16", 31 0, L_0000000001538790;  1 drivers
L_00000000014ea530 .functor BUFT 1, C4<00000000000000000000000000000010>, C4<0>, C4<0>, C4<0>;
v000000000119aa90_0 .net/2u *"_ivl_160", 31 0, L_00000000014ea530;  1 drivers
v000000000119bd50_0 .net *"_ivl_162", 0 0, L_0000000001537570;  1 drivers
v000000000119bdf0_0 .net *"_ivl_164", 31 0, L_0000000001537610;  1 drivers
L_00000000014e9a80 .functor BUFT 1, C4<0000000000000000>, C4<0>, C4<0>, C4<0>;
v000000000119be90_0 .net/2u *"_ivl_18", 15 0, L_00000000014e9a80;  1 drivers
v000000000119b0d0_0 .net *"_ivl_21", 15 0, L_0000000001538330;  1 drivers
v000000000119a090_0 .net *"_ivl_22", 31 0, L_0000000001537f70;  1 drivers
v000000000119a130_0 .net *"_ivl_26", 31 0, L_0000000001538650;  1 drivers
L_00000000014e9ac8 .functor BUFT 1, C4<000000000000000000000000000000>, C4<0>, C4<0>, C4<0>;
v000000000119a1d0_0 .net *"_ivl_29", 29 0, L_00000000014e9ac8;  1 drivers
L_00000000014e9b10 .functor BUFT 1, C4<00000000000000000000000000000001>, C4<0>, C4<0>, C4<0>;
v000000000119ad10_0 .net/2u *"_ivl_30", 31 0, L_00000000014e9b10;  1 drivers
v000000000119b030_0 .net *"_ivl_32", 0 0, L_0000000001537930;  1 drivers
L_00000000014e9b58 .functor BUFT 1, C4<00000000000000000000000000000100>, C4<0>, C4<0>, C4<0>;
v000000000119b210_0 .net/2u *"_ivl_34", 31 0, L_00000000014e9b58;  1 drivers
v000000000119a270_0 .net *"_ivl_36", 31 0, L_0000000001538150;  1 drivers
v000000000119b170_0 .net *"_ivl_38", 31 0, L_0000000001538830;  1 drivers
L_00000000014e99f0 .functor BUFT 1, C4<0000000000000000>, C4<0>, C4<0>, C4<0>;
v000000000119b5d0_0 .net/2u *"_ivl_4", 15 0, L_00000000014e99f0;  1 drivers
v000000000119a310_0 .net *"_ivl_40", 29 0, L_0000000001537bb0;  1 drivers
L_00000000014e9ba0 .functor BUFT 1, C4<00>, C4<0>, C4<0>, C4<0>;
v000000000119a3b0_0 .net *"_ivl_42", 1 0, L_00000000014e9ba0;  1 drivers
L_00000000014e9be8 .functor BUFT 1, C4<00000000000000000000000000000000>, C4<0>, C4<0>, C4<0>;
v000000000119dc20_0 .net/2u *"_ivl_44", 31 0, L_00000000014e9be8;  1 drivers
v000000000119c3c0_0 .net *"_ivl_46", 31 0, L_0000000001538470;  1 drivers
v000000000119c460_0 .net *"_ivl_48", 31 0, L_0000000001538c90;  1 drivers
v000000000119d860_0 .net *"_ivl_50", 31 0, L_00000000015388d0;  1 drivers
L_00000000014e9c30 .functor BUFT 1, C4<000000000000000000000000000000>, C4<0>, C4<0>, C4<0>;
v000000000119d0e0_0 .net *"_ivl_53", 29 0, L_00000000014e9c30;  1 drivers
L_00000000014e9c78 .functor BUFT 1, C4<00000000000000000000000000000010>, C4<0>, C4<0>, C4<0>;
v000000000119dea0_0 .net/2u *"_ivl_54", 31 0, L_00000000014e9c78;  1 drivers
v000000000119d7c0_0 .net *"_ivl_56", 0 0, L_0000000001536030;  1 drivers
v000000000119cfa0_0 .net *"_ivl_59", 3 0, L_0000000001538dd0;  1 drivers
v000000000119da40_0 .net *"_ivl_61", 25 0, L_00000000015371b0;  1 drivers
L_00000000014e9cc0 .functor BUFT 1, C4<00>, C4<0>, C4<0>, C4<0>;
v000000000119d4a0_0 .net/2u *"_ivl_62", 1 0, L_00000000014e9cc0;  1 drivers
v000000000119dcc0_0 .net *"_ivl_64", 31 0, L_0000000001536ad0;  1 drivers
v000000000119de00_0 .net *"_ivl_66", 31 0, L_0000000001535310;  1 drivers
L_00000000014e9d08 .functor BUFT 1, C4<000000000000000000000000000000>, C4<0>, C4<0>, C4<0>;
v000000000119c8c0_0 .net *"_ivl_69", 29 0, L_00000000014e9d08;  1 drivers
v000000000119df40_0 .net *"_ivl_7", 15 0, L_00000000015386f0;  1 drivers
L_00000000014e9d50 .functor BUFT 1, C4<00000000000000000000000000000011>, C4<0>, C4<0>, C4<0>;
v000000000119dd60_0 .net/2u *"_ivl_70", 31 0, L_00000000014e9d50;  1 drivers
v000000000119c0a0_0 .net *"_ivl_72", 0 0, L_00000000015365d0;  1 drivers
L_00000000014e9d98 .functor BUFT 1, C4<00000000000000000000000000000100>, C4<0>, C4<0>, C4<0>;
v000000000119d900_0 .net/2u *"_ivl_74", 31 0, L_00000000014e9d98;  1 drivers
v000000000119dae0_0 .net *"_ivl_76", 31 0, L_0000000001537110;  1 drivers
v000000000119c960_0 .net *"_ivl_78", 31 0, L_00000000015368f0;  1 drivers
v000000000119c500_0 .net *"_ivl_80", 31 0, L_00000000015360d0;  1 drivers
v000000000119cbe0_0 .net *"_ivl_88", 31 0, L_0000000001537430;  1 drivers
L_00000000014e9e70 .functor BUFT 1, C4<000000000000000000000000000000>, C4<0>, C4<0>, C4<0>;
v000000000119d180_0 .net *"_ivl_91", 29 0, L_00000000014e9e70;  1 drivers
L_00000000014e9eb8 .functor BUFT 1, C4<00000000000000000000000000000001>, C4<0>, C4<0>, C4<0>;
v000000000119d220_0 .net/2u *"_ivl_92", 31 0, L_00000000014e9eb8;  1 drivers
v000000000119d400_0 .net *"_ivl_94", 0 0, L_0000000001536e90;  1 drivers
v000000000119d720_0 .net *"_ivl_97", 4 0, L_0000000001536cb0;  1 drivers
v000000000119d2c0_0 .net *"_ivl_98", 5 0, L_0000000001535630;  1 drivers
v000000000119c640_0 .net "clk", 0 0, v000000000119c780_0;  1 drivers
v000000000119c5a0_0 .net "nPC", 31 0, L_00000000015356d0;  1 drivers
v000000000119c6e0_0 .net "reset", 0 0, v000000000119d360_0;  1 drivers
v000000000119db80_0 .net "s32", 31 0, L_00000000015380b0;  1 drivers
v000000000119cc80_0 .net "u32", 31 0, L_00000000015379d0;  1 drivers
L_0000000001538fb0 .part L_000000000113f8c0, 26, 6;
L_0000000001538010 .part L_000000000113f8c0, 0, 6;
L_00000000015386f0 .part L_000000000113f8c0, 0, 16;
L_00000000015379d0 .concat [ 16 16 0 0], L_00000000015386f0, L_00000000014e99f0;
L_00000000015385b0 .part L_000000000113f8c0, 15, 1;
L_0000000001537b10 .part L_000000000113f8c0, 0, 16;
L_0000000001538790 .concat [ 16 16 0 0], L_0000000001537b10, L_00000000014e9a38;
L_0000000001538330 .part L_000000000113f8c0, 0, 16;
L_0000000001537f70 .concat [ 16 16 0 0], L_0000000001538330, L_00000000014e9a80;
L_00000000015380b0 .functor MUXZ 32, L_0000000001537f70, L_0000000001538790, L_00000000015385b0, C4<>;
L_0000000001538650 .concat [ 2 30 0 0], L_000000000119d9a0, L_00000000014e9ac8;
L_0000000001537930 .cmp/eq 32, L_0000000001538650, L_00000000014e9b10;
L_0000000001538150 .arith/sum 32, v0000000001198b20_0, L_00000000014e9b58;
L_0000000001537bb0 .part L_00000000015380b0, 0, 30;
L_0000000001538830 .concat [ 2 30 0 0], L_00000000014e9ba0, L_0000000001537bb0;
L_0000000001538470 .functor MUXZ 32, L_00000000014e9be8, L_0000000001538830, L_0000000001537390, C4<>;
L_0000000001538c90 .arith/sum 32, L_0000000001538150, L_0000000001538470;
L_00000000015388d0 .concat [ 2 30 0 0], L_000000000119d9a0, L_00000000014e9c30;
L_0000000001536030 .cmp/eq 32, L_00000000015388d0, L_00000000014e9c78;
L_0000000001538dd0 .part v0000000001198b20_0, 28, 4;
L_00000000015371b0 .part L_000000000113f8c0, 0, 26;
L_0000000001536ad0 .concat [ 2 26 4 0], L_00000000014e9cc0, L_00000000015371b0, L_0000000001538dd0;
L_0000000001535310 .concat [ 2 30 0 0], L_000000000119d9a0, L_00000000014e9d08;
L_00000000015365d0 .cmp/eq 32, L_0000000001535310, L_00000000014e9d50;
L_0000000001537110 .arith/sum 32, v0000000001198b20_0, L_00000000014e9d98;
L_00000000015368f0 .functor MUXZ 32, L_0000000001537110, L_000000000113fc40, L_00000000015365d0, C4<>;
L_00000000015360d0 .functor MUXZ 32, L_00000000015368f0, L_0000000001536ad0, L_0000000001536030, C4<>;
L_00000000015356d0 .functor MUXZ 32, L_00000000015360d0, L_0000000001538c90, L_0000000001537930, C4<>;
L_0000000001537750 .part L_000000000113f8c0, 21, 5;
L_0000000001535b30 .part L_000000000113f8c0, 16, 5;
L_0000000001537430 .concat [ 2 30 0 0], L_0000000001537cf0, L_00000000014e9e70;
L_0000000001536e90 .cmp/eq 32, L_0000000001537430, L_00000000014e9eb8;
L_0000000001536cb0 .part L_000000000113f8c0, 11, 5;
L_0000000001535630 .concat [ 5 1 0 0], L_0000000001536cb0, L_00000000014e9f00;
L_0000000001535810 .concat [ 2 30 0 0], L_0000000001537cf0, L_00000000014e9f48;
L_0000000001536490 .cmp/eq 32, L_0000000001535810, L_00000000014e9f90;
L_00000000015367b0 .part L_000000000113f8c0, 16, 5;
L_00000000015358b0 .concat [ 5 1 0 0], L_00000000015367b0, L_00000000014ea020;
L_00000000015372f0 .functor MUXZ 6, L_00000000015358b0, L_00000000014e9fd8, L_0000000001536490, C4<>;
L_0000000001536d50 .functor MUXZ 6, L_00000000015372f0, L_0000000001535630, L_0000000001536e90, C4<>;
L_0000000001535450 .part L_0000000001536d50, 0, 5;
L_0000000001536670 .concat [ 2 30 0 0], L_00000000015383d0, L_00000000014ea068;
L_0000000001535d10 .cmp/eq 32, L_0000000001536670, L_00000000014ea0b0;
L_0000000001535950 .concat [ 2 30 0 0], L_00000000015383d0, L_00000000014ea0f8;
L_00000000015376b0 .cmp/eq 32, L_0000000001535950, L_00000000014ea140;
L_0000000001536170 .arith/sum 32, v0000000001198b20_0, L_00000000014ea188;
L_0000000001536df0 .functor MUXZ 32, L_0000000001537890, L_0000000001536170, L_00000000015376b0, C4<>;
L_0000000001535130 .functor MUXZ 32, L_0000000001536df0, L_000000000113f620, L_0000000001535d10, C4<>;
L_0000000001535db0 .concat [ 2 30 0 0], L_0000000001538a10, L_00000000014ea458;
L_0000000001535f90 .cmp/eq 32, L_0000000001535db0, L_00000000014ea4a0;
L_0000000001535bd0 .concat [ 2 30 0 0], L_0000000001538a10, L_00000000014ea4e8;
L_0000000001537570 .cmp/eq 32, L_0000000001535bd0, L_00000000014ea530;
L_0000000001537610 .functor MUXZ 32, L_000000000113f2a0, L_00000000015380b0, L_0000000001537570, C4<>;
L_00000000015351d0 .functor MUXZ 32, L_0000000001537610, L_00000000015379d0, L_0000000001535f90, C4<>;
S_0000000000947090 .scope module, "alu" "alu" 3 105, 4 21 0, S_0000000000946f00;
 .timescale -9 -12;
    .port_info 0 /INPUT 32 "A";
    .port_info 1 /INPUT 32 "B";
    .port_info 2 /INPUT 4 "Op";
    .port_info 3 /OUTPUT 32 "AO";
    .port_info 4 /OUTPUT 1 "Zero";
L_000000000113fbd0 .functor OR 32, L_000000000113fc40, L_00000000015351d0, C4<00000000000000000000000000000000>, C4<00000000000000000000000000000000>;
L_000000000113f0e0 .functor AND 32, L_000000000113fc40, L_00000000015351d0, C4<11111111111111111111111111111111>, C4<11111111111111111111111111111111>;
v000000000112ee40_0 .net "A", 31 0, L_000000000113fc40;  alias, 1 drivers
v000000000112f340_0 .net "AO", 31 0, L_0000000001537890;  alias, 1 drivers
v000000000112f020_0 .net "B", 31 0, L_00000000015351d0;  alias, 1 drivers
v000000000112e4e0_0 .net "Op", 3 0, L_0000000001537ed0;  alias, 1 drivers
v0000000001130100_0 .net "Zero", 0 0, L_0000000001537390;  alias, 1 drivers
v000000000112f480_0 .net *"_ivl_0", 31 0, L_0000000001536f30;  1 drivers
v00000000011301a0_0 .net *"_ivl_10", 31 0, L_00000000015359f0;  1 drivers
L_00000000014ea260 .functor BUFT 1, C4<0000000000000000000000000000>, C4<0>, C4<0>, C4<0>;
v000000000112ffc0_0 .net *"_ivl_13", 27 0, L_00000000014ea260;  1 drivers
L_00000000014ea2a8 .functor BUFT 1, C4<00000000000000000000000000000010>, C4<0>, C4<0>, C4<0>;
v000000000112fa20_0 .net/2u *"_ivl_14", 31 0, L_00000000014ea2a8;  1 drivers
v000000000112e580_0 .net *"_ivl_16", 0 0, L_00000000015353b0;  1 drivers
v000000000112fca0_0 .net *"_ivl_18", 31 0, L_0000000001536350;  1 drivers
v000000000112ff20_0 .net *"_ivl_20", 31 0, L_00000000015363f0;  1 drivers
L_00000000014ea2f0 .functor BUFT 1, C4<0000000000000000000000000000>, C4<0>, C4<0>, C4<0>;
v000000000112e760_0 .net *"_ivl_23", 27 0, L_00000000014ea2f0;  1 drivers
L_00000000014ea338 .functor BUFT 1, C4<00000000000000000000000000000011>, C4<0>, C4<0>, C4<0>;
v0000000001119d00_0 .net/2u *"_ivl_24", 31 0, L_00000000014ea338;  1 drivers
v0000000001119ee0_0 .net *"_ivl_26", 0 0, L_0000000001535ef0;  1 drivers
v0000000001195d20_0 .net *"_ivl_28", 31 0, L_0000000001536fd0;  1 drivers
L_00000000014ea1d0 .functor BUFT 1, C4<0000000000000000000000000000>, C4<0>, C4<0>, C4<0>;
v0000000001194060_0 .net *"_ivl_3", 27 0, L_00000000014ea1d0;  1 drivers
v00000000011950a0_0 .net *"_ivl_30", 31 0, L_0000000001537070;  1 drivers
L_00000000014ea380 .functor BUFT 1, C4<0000000000000000000000000000>, C4<0>, C4<0>, C4<0>;
v0000000001195500_0 .net *"_ivl_33", 27 0, L_00000000014ea380;  1 drivers
L_00000000014ea3c8 .functor BUFT 1, C4<00000000000000000000000000000100>, C4<0>, C4<0>, C4<0>;
v0000000001194e20_0 .net/2u *"_ivl_34", 31 0, L_00000000014ea3c8;  1 drivers
v0000000001195320_0 .net *"_ivl_36", 0 0, L_0000000001536850;  1 drivers
v0000000001194f60_0 .net *"_ivl_38", 31 0, L_00000000015374d0;  1 drivers
L_00000000014ea218 .functor BUFT 1, C4<00000000000000000000000000000001>, C4<0>, C4<0>, C4<0>;
v0000000001194ce0_0 .net/2u *"_ivl_4", 31 0, L_00000000014ea218;  1 drivers
v0000000001195aa0_0 .net *"_ivl_40", 15 0, L_0000000001536990;  1 drivers
L_00000000014ea410 .functor BUFT 1, C4<0000000000000000>, C4<0>, C4<0>, C4<0>;
v0000000001194d80_0 .net *"_ivl_42", 15 0, L_00000000014ea410;  1 drivers
v0000000001195f00_0 .net *"_ivl_44", 31 0, L_000000000113f0e0;  1 drivers
v00000000011956e0_0 .net *"_ivl_46", 31 0, L_0000000001536a30;  1 drivers
v0000000001194ec0_0 .net *"_ivl_48", 31 0, L_0000000001535a90;  1 drivers
v00000000011942e0_0 .net *"_ivl_50", 31 0, L_0000000001536210;  1 drivers
v00000000011947e0_0 .net *"_ivl_6", 0 0, L_00000000015377f0;  1 drivers
v0000000001195820_0 .net *"_ivl_8", 31 0, L_000000000113fbd0;  1 drivers
L_0000000001536f30 .concat [ 4 28 0 0], L_0000000001537ed0, L_00000000014ea1d0;
L_00000000015377f0 .cmp/eq 32, L_0000000001536f30, L_00000000014ea218;
L_00000000015359f0 .concat [ 4 28 0 0], L_0000000001537ed0, L_00000000014ea260;
L_00000000015353b0 .cmp/eq 32, L_00000000015359f0, L_00000000014ea2a8;
L_0000000001536350 .arith/sum 32, L_000000000113fc40, L_00000000015351d0;
L_00000000015363f0 .concat [ 4 28 0 0], L_0000000001537ed0, L_00000000014ea2f0;
L_0000000001535ef0 .cmp/eq 32, L_00000000015363f0, L_00000000014ea338;
L_0000000001536fd0 .arith/sub 32, L_000000000113fc40, L_00000000015351d0;
L_0000000001537070 .concat [ 4 28 0 0], L_0000000001537ed0, L_00000000014ea380;
L_0000000001536850 .cmp/eq 32, L_0000000001537070, L_00000000014ea3c8;
L_0000000001536990 .part L_00000000015351d0, 0, 16;
L_00000000015374d0 .concat [ 16 16 0 0], L_00000000014ea410, L_0000000001536990;
L_0000000001536a30 .functor MUXZ 32, L_000000000113f0e0, L_00000000015374d0, L_0000000001536850, C4<>;
L_0000000001535a90 .functor MUXZ 32, L_0000000001536a30, L_0000000001536fd0, L_0000000001535ef0, C4<>;
L_0000000001536210 .functor MUXZ 32, L_0000000001535a90, L_0000000001536350, L_00000000015353b0, C4<>;
L_0000000001537890 .functor MUXZ 32, L_0000000001536210, L_000000000113fbd0, L_00000000015377f0, C4<>;
L_0000000001537390 .cmp/eq 32, L_000000000113fc40, L_00000000015351d0;
S_0000000000947220 .scope module, "ctrl" "ctrl" 3 36, 5 21 0, S_0000000000946f00;
 .timescale -9 -12;
    .port_info 0 /INPUT 6 "Op";
    .port_info 1 /INPUT 6 "Func";
    .port_info 2 /OUTPUT 2 "PCSrc";
    .port_info 3 /OUTPUT 2 "MemtoReg";
    .port_info 4 /OUTPUT 1 "MemWrite";
    .port_info 5 /OUTPUT 4 "ALUOp";
    .port_info 6 /OUTPUT 2 "ALUSrc";
    .port_info 7 /OUTPUT 1 "RegWrite";
    .port_info 8 /OUTPUT 2 "RegDst";
L_000000000113fe00 .functor AND 1, L_000000000119c820, L_000000000119c140, C4<1>, C4<1>;
L_000000000113f930 .functor AND 1, L_000000000119c820, L_000000000119d5e0, C4<1>, C4<1>;
L_000000000113f850 .functor AND 1, L_000000000119c820, L_000000000119cb40, C4<1>, C4<1>;
L_000000000113f4d0 .functor OR 1, L_000000000113fe00, L_000000000119cf00, C4<0>, C4<0>;
L_000000000113fd20 .functor OR 1, L_000000000113f4d0, L_000000000119c1e0, C4<0>, C4<0>;
L_000000000113f310 .functor OR 1, L_000000000119ca00, L_000000000119c280, C4<0>, C4<0>;
L_000000000113f3f0 .functor OR 1, L_000000000119cf00, L_000000000119c1e0, C4<0>, C4<0>;
L_000000000113f070 .functor OR 1, L_000000000119c820, L_000000000119ca00, C4<0>, C4<0>;
L_000000000113fb60 .functor OR 1, L_000000000113f070, L_000000000119cf00, C4<0>, C4<0>;
L_000000000113f000 .functor OR 1, L_000000000113fb60, L_000000000119c280, C4<0>, C4<0>;
L_000000000113fcb0 .functor OR 1, L_000000000113f000, L_000000000119caa0, C4<0>, C4<0>;
v0000000001195dc0_0 .net "ALUOp", 3 0, L_0000000001537ed0;  alias, 1 drivers
v0000000001194920_0 .net "ALUSrc", 1 0, L_0000000001538a10;  alias, 1 drivers
v0000000001195b40_0 .net "Func", 5 0, L_0000000001538010;  1 drivers
v00000000011953c0_0 .net "MemWrite", 0 0, L_0000000001538970;  alias, 1 drivers
v0000000001194880_0 .net "MemtoReg", 1 0, L_00000000015383d0;  alias, 1 drivers
v0000000001195be0_0 .net "Op", 5 0, L_0000000001538fb0;  1 drivers
v00000000011949c0_0 .net "PCSrc", 1 0, L_000000000119d9a0;  alias, 1 drivers
v00000000011944c0_0 .net "R", 0 0, L_000000000119c820;  1 drivers
v0000000001195e60_0 .net "RegDst", 1 0, L_0000000001537cf0;  alias, 1 drivers
v0000000001195140_0 .net "RegWrite", 0 0, L_0000000001538ab0;  alias, 1 drivers
L_00000000014e90a8 .functor BUFT 1, C4<000000>, C4<0>, C4<0>, C4<0>;
v0000000001194c40_0 .net/2u *"_ivl_0", 5 0, L_00000000014e90a8;  1 drivers
L_00000000014e9138 .functor BUFT 1, C4<100011>, C4<0>, C4<0>, C4<0>;
v0000000001194a60_0 .net/2u *"_ivl_10", 5 0, L_00000000014e9138;  1 drivers
v0000000001195c80_0 .net *"_ivl_100", 3 0, L_0000000001538e70;  1 drivers
v0000000001194100_0 .net *"_ivl_104", 0 0, L_000000000113f310;  1 drivers
L_00000000014e9768 .functor BUFT 1, C4<001>, C4<0>, C4<0>, C4<0>;
v0000000001195000_0 .net/2s *"_ivl_106", 2 0, L_00000000014e9768;  1 drivers
v0000000001195780_0 .net *"_ivl_108", 0 0, L_000000000113f3f0;  1 drivers
L_00000000014e97b0 .functor BUFT 1, C4<010>, C4<0>, C4<0>, C4<0>;
v00000000011958c0_0 .net/2s *"_ivl_110", 2 0, L_00000000014e97b0;  1 drivers
L_00000000014e97f8 .functor BUFT 1, C4<000>, C4<0>, C4<0>, C4<0>;
v0000000001194380_0 .net/2s *"_ivl_112", 2 0, L_00000000014e97f8;  1 drivers
v0000000001194b00_0 .net *"_ivl_114", 2 0, L_0000000001537a70;  1 drivers
v00000000011951e0_0 .net *"_ivl_116", 2 0, L_0000000001538290;  1 drivers
v00000000011941a0_0 .net *"_ivl_12", 0 0, L_000000000119d5e0;  1 drivers
v0000000001195280_0 .net *"_ivl_120", 0 0, L_000000000113f070;  1 drivers
v0000000001194740_0 .net *"_ivl_122", 0 0, L_000000000113fb60;  1 drivers
v0000000001195960_0 .net *"_ivl_124", 0 0, L_000000000113f000;  1 drivers
v0000000001194240_0 .net *"_ivl_126", 0 0, L_000000000113fcb0;  1 drivers
L_00000000014e9840 .functor BUFT 1, C4<01>, C4<0>, C4<0>, C4<0>;
v0000000001195640_0 .net/2s *"_ivl_128", 1 0, L_00000000014e9840;  1 drivers
L_00000000014e9888 .functor BUFT 1, C4<00>, C4<0>, C4<0>, C4<0>;
v0000000001194420_0 .net/2s *"_ivl_130", 1 0, L_00000000014e9888;  1 drivers
v0000000001194560_0 .net *"_ivl_132", 1 0, L_0000000001538f10;  1 drivers
L_00000000014e98d0 .functor BUFT 1, C4<001>, C4<0>, C4<0>, C4<0>;
v0000000001195a00_0 .net/2s *"_ivl_136", 2 0, L_00000000014e98d0;  1 drivers
L_00000000014e9918 .functor BUFT 1, C4<010>, C4<0>, C4<0>, C4<0>;
v0000000001194600_0 .net/2s *"_ivl_138", 2 0, L_00000000014e9918;  1 drivers
L_00000000014e9960 .functor BUFT 1, C4<000>, C4<0>, C4<0>, C4<0>;
v00000000011946a0_0 .net/2s *"_ivl_140", 2 0, L_00000000014e9960;  1 drivers
v0000000001195460_0 .net *"_ivl_142", 2 0, L_0000000001538b50;  1 drivers
v00000000011955a0_0 .net *"_ivl_144", 2 0, L_0000000001537e30;  1 drivers
L_00000000014e9180 .functor BUFT 1, C4<001101>, C4<0>, C4<0>, C4<0>;
v00000000011971f0_0 .net/2u *"_ivl_16", 5 0, L_00000000014e9180;  1 drivers
L_00000000014e91c8 .functor BUFT 1, C4<100011>, C4<0>, C4<0>, C4<0>;
v0000000001197bf0_0 .net/2u *"_ivl_20", 5 0, L_00000000014e91c8;  1 drivers
L_00000000014e9210 .functor BUFT 1, C4<101011>, C4<0>, C4<0>, C4<0>;
v0000000001197970_0 .net/2u *"_ivl_24", 5 0, L_00000000014e9210;  1 drivers
L_00000000014e9258 .functor BUFT 1, C4<000100>, C4<0>, C4<0>, C4<0>;
v0000000001197f10_0 .net/2u *"_ivl_28", 5 0, L_00000000014e9258;  1 drivers
L_00000000014e92a0 .functor BUFT 1, C4<001111>, C4<0>, C4<0>, C4<0>;
v0000000001196ed0_0 .net/2u *"_ivl_32", 5 0, L_00000000014e92a0;  1 drivers
L_00000000014e92e8 .functor BUFT 1, C4<000011>, C4<0>, C4<0>, C4<0>;
v0000000001196c50_0 .net/2u *"_ivl_36", 5 0, L_00000000014e92e8;  1 drivers
L_00000000014e90f0 .functor BUFT 1, C4<100001>, C4<0>, C4<0>, C4<0>;
v0000000001197a10_0 .net/2u *"_ivl_4", 5 0, L_00000000014e90f0;  1 drivers
L_00000000014e9330 .functor BUFT 1, C4<001000>, C4<0>, C4<0>, C4<0>;
v0000000001196cf0_0 .net/2u *"_ivl_40", 5 0, L_00000000014e9330;  1 drivers
v0000000001197e70_0 .net *"_ivl_42", 0 0, L_000000000119cb40;  1 drivers
L_00000000014e9378 .functor BUFT 1, C4<001>, C4<0>, C4<0>, C4<0>;
v0000000001197ab0_0 .net/2s *"_ivl_46", 2 0, L_00000000014e9378;  1 drivers
L_00000000014e93c0 .functor BUFT 1, C4<010>, C4<0>, C4<0>, C4<0>;
v0000000001196610_0 .net/2s *"_ivl_48", 2 0, L_00000000014e93c0;  1 drivers
L_00000000014e9408 .functor BUFT 1, C4<011>, C4<0>, C4<0>, C4<0>;
v0000000001196e30_0 .net/2s *"_ivl_50", 2 0, L_00000000014e9408;  1 drivers
L_00000000014e9450 .functor BUFT 1, C4<000>, C4<0>, C4<0>, C4<0>;
v0000000001196070_0 .net/2s *"_ivl_52", 2 0, L_00000000014e9450;  1 drivers
v0000000001197830_0 .net *"_ivl_54", 2 0, L_000000000119cd20;  1 drivers
v0000000001196110_0 .net *"_ivl_56", 2 0, L_000000000119d040;  1 drivers
v0000000001196bb0_0 .net *"_ivl_58", 2 0, L_000000000119cdc0;  1 drivers
v00000000011966b0_0 .net *"_ivl_6", 0 0, L_000000000119c140;  1 drivers
L_00000000014e9498 .functor BUFT 1, C4<001>, C4<0>, C4<0>, C4<0>;
v0000000001197d30_0 .net/2s *"_ivl_62", 2 0, L_00000000014e9498;  1 drivers
L_00000000014e94e0 .functor BUFT 1, C4<010>, C4<0>, C4<0>, C4<0>;
v00000000011961b0_0 .net/2s *"_ivl_64", 2 0, L_00000000014e94e0;  1 drivers
L_00000000014e9528 .functor BUFT 1, C4<000>, C4<0>, C4<0>, C4<0>;
v0000000001196a70_0 .net/2s *"_ivl_66", 2 0, L_00000000014e9528;  1 drivers
v0000000001196250_0 .net *"_ivl_68", 2 0, L_000000000119d680;  1 drivers
v00000000011962f0_0 .net *"_ivl_70", 2 0, L_000000000119ce60;  1 drivers
L_00000000014e9570 .functor BUFT 1, C4<01>, C4<0>, C4<0>, C4<0>;
v0000000001196390_0 .net/2s *"_ivl_74", 1 0, L_00000000014e9570;  1 drivers
L_00000000014e95b8 .functor BUFT 1, C4<00>, C4<0>, C4<0>, C4<0>;
v0000000001197010_0 .net/2s *"_ivl_76", 1 0, L_00000000014e95b8;  1 drivers
v0000000001196750_0 .net *"_ivl_78", 1 0, L_0000000001537c50;  1 drivers
L_00000000014e9600 .functor BUFT 1, C4<0001>, C4<0>, C4<0>, C4<0>;
v0000000001197b50_0 .net/2s *"_ivl_82", 3 0, L_00000000014e9600;  1 drivers
v0000000001196890_0 .net *"_ivl_84", 0 0, L_000000000113f4d0;  1 drivers
v0000000001196430_0 .net *"_ivl_86", 0 0, L_000000000113fd20;  1 drivers
L_00000000014e9648 .functor BUFT 1, C4<0010>, C4<0>, C4<0>, C4<0>;
v00000000011975b0_0 .net/2s *"_ivl_88", 3 0, L_00000000014e9648;  1 drivers
L_00000000014e9690 .functor BUFT 1, C4<0011>, C4<0>, C4<0>, C4<0>;
v0000000001196930_0 .net/2s *"_ivl_90", 3 0, L_00000000014e9690;  1 drivers
L_00000000014e96d8 .functor BUFT 1, C4<0100>, C4<0>, C4<0>, C4<0>;
v0000000001197c90_0 .net/2s *"_ivl_92", 3 0, L_00000000014e96d8;  1 drivers
L_00000000014e9720 .functor BUFT 1, C4<0000>, C4<0>, C4<0>, C4<0>;
v0000000001197330_0 .net/2s *"_ivl_94", 3 0, L_00000000014e9720;  1 drivers
v00000000011969d0_0 .net *"_ivl_96", 3 0, L_00000000015381f0;  1 drivers
v0000000001196d90_0 .net *"_ivl_98", 3 0, L_0000000001538510;  1 drivers
v00000000011964d0_0 .net "addu", 0 0, L_000000000113fe00;  1 drivers
v0000000001196b10_0 .net "beq", 0 0, L_000000000119c320;  1 drivers
v0000000001197650_0 .net "jal", 0 0, L_000000000119caa0;  1 drivers
v0000000001197dd0_0 .net "jr", 0 0, L_000000000113f850;  1 drivers
v0000000001196f70_0 .net "lui", 0 0, L_000000000119c280;  1 drivers
v0000000001196570_0 .net "lw", 0 0, L_000000000119cf00;  1 drivers
v00000000011967f0_0 .net "ori", 0 0, L_000000000119ca00;  1 drivers
v00000000011970b0_0 .net "subu", 0 0, L_000000000113f930;  1 drivers
v0000000001197150_0 .net "sw", 0 0, L_000000000119c1e0;  1 drivers
L_000000000119c820 .cmp/eq 6, L_0000000001538fb0, L_00000000014e90a8;
L_000000000119c140 .cmp/eq 6, L_0000000001538010, L_00000000014e90f0;
L_000000000119d5e0 .cmp/eq 6, L_0000000001538010, L_00000000014e9138;
L_000000000119ca00 .cmp/eq 6, L_0000000001538fb0, L_00000000014e9180;
L_000000000119cf00 .cmp/eq 6, L_0000000001538fb0, L_00000000014e91c8;
L_000000000119c1e0 .cmp/eq 6, L_0000000001538fb0, L_00000000014e9210;
L_000000000119c320 .cmp/eq 6, L_0000000001538fb0, L_00000000014e9258;
L_000000000119c280 .cmp/eq 6, L_0000000001538fb0, L_00000000014e92a0;
L_000000000119caa0 .cmp/eq 6, L_0000000001538fb0, L_00000000014e92e8;
L_000000000119cb40 .cmp/eq 6, L_0000000001538010, L_00000000014e9330;
L_000000000119cd20 .functor MUXZ 3, L_00000000014e9450, L_00000000014e9408, L_000000000113f850, C4<>;
L_000000000119d040 .functor MUXZ 3, L_000000000119cd20, L_00000000014e93c0, L_000000000119caa0, C4<>;
L_000000000119cdc0 .functor MUXZ 3, L_000000000119d040, L_00000000014e9378, L_000000000119c320, C4<>;
L_000000000119d9a0 .part L_000000000119cdc0, 0, 2;
L_000000000119d680 .functor MUXZ 3, L_00000000014e9528, L_00000000014e94e0, L_000000000119caa0, C4<>;
L_000000000119ce60 .functor MUXZ 3, L_000000000119d680, L_00000000014e9498, L_000000000119cf00, C4<>;
L_00000000015383d0 .part L_000000000119ce60, 0, 2;
L_0000000001537c50 .functor MUXZ 2, L_00000000014e95b8, L_00000000014e9570, L_000000000119c1e0, C4<>;
L_0000000001538970 .part L_0000000001537c50, 0, 1;
L_00000000015381f0 .functor MUXZ 4, L_00000000014e9720, L_00000000014e96d8, L_000000000119c280, C4<>;
L_0000000001538510 .functor MUXZ 4, L_00000000015381f0, L_00000000014e9690, L_000000000113f930, C4<>;
L_0000000001538e70 .functor MUXZ 4, L_0000000001538510, L_00000000014e9648, L_000000000113fd20, C4<>;
L_0000000001537ed0 .functor MUXZ 4, L_0000000001538e70, L_00000000014e9600, L_000000000119ca00, C4<>;
L_0000000001537a70 .functor MUXZ 3, L_00000000014e97f8, L_00000000014e97b0, L_000000000113f3f0, C4<>;
L_0000000001538290 .functor MUXZ 3, L_0000000001537a70, L_00000000014e9768, L_000000000113f310, C4<>;
L_0000000001538a10 .part L_0000000001538290, 0, 2;
L_0000000001538f10 .functor MUXZ 2, L_00000000014e9888, L_00000000014e9840, L_000000000113fcb0, C4<>;
L_0000000001538ab0 .part L_0000000001538f10, 0, 1;
L_0000000001538b50 .functor MUXZ 3, L_00000000014e9960, L_00000000014e9918, L_000000000119caa0, C4<>;
L_0000000001537e30 .functor MUXZ 3, L_0000000001538b50, L_00000000014e98d0, L_000000000119c820, C4<>;
L_0000000001537cf0 .part L_0000000001537e30, 0, 2;
S_0000000001101890 .scope module, "dm" "dm" 3 122, 6 21 0, S_0000000000946f00;
 .timescale -9 -12;
    .port_info 0 /INPUT 32 "PC";
    .port_info 1 /INPUT 32 "A";
    .port_info 2 /INPUT 32 "WD";
    .port_info 3 /INPUT 1 "WE";
    .port_info 4 /INPUT 1 "clk";
    .port_info 5 /INPUT 1 "reset";
    .port_info 6 /OUTPUT 32 "RD";
L_000000000113f620 .functor BUFZ 32, L_0000000001536530, C4<00000000000000000000000000000000>, C4<00000000000000000000000000000000>, C4<00000000000000000000000000000000>;
v0000000001197290_0 .net "A", 31 0, L_0000000001537890;  alias, 1 drivers
v0000000001197470_0 .net "PC", 31 0, v0000000001198b20_0;  alias, 1 drivers
v00000000011973d0 .array "R", 1024 0, 31 0;
v0000000001197510_0 .net "RD", 31 0, L_000000000113f620;  alias, 1 drivers
v00000000011976f0_0 .net "WD", 31 0, L_000000000113f2a0;  alias, 1 drivers
v0000000001197790_0 .net "WE", 0 0, L_0000000001538970;  alias, 1 drivers
v00000000011978d0_0 .net *"_ivl_0", 31 0, L_0000000001536530;  1 drivers
v0000000001198da0_0 .net *"_ivl_3", 9 0, L_0000000001535c70;  1 drivers
v00000000011988a0_0 .net *"_ivl_4", 11 0, L_0000000001535270;  1 drivers
L_00000000014ea578 .functor BUFT 1, C4<00>, C4<0>, C4<0>, C4<0>;
v0000000001198a80_0 .net *"_ivl_7", 1 0, L_00000000014ea578;  1 drivers
v0000000001198120_0 .net "clk", 0 0, v000000000119c780_0;  alias, 1 drivers
v00000000011984e0_0 .var/i "i", 31 0;
v0000000001199840_0 .net "reset", 0 0, v000000000119d360_0;  alias, 1 drivers
E_0000000001133040 .event posedge, v0000000001198120_0;
L_0000000001536530 .array/port v00000000011973d0, L_0000000001535270;
L_0000000001535c70 .part L_0000000001537890, 2, 10;
L_0000000001535270 .concat [ 10 2 0 0], L_0000000001535c70, L_00000000014ea578;
S_0000000001101a20 .scope module, "grf" "grf" 3 76, 7 21 0, S_0000000000946f00;
 .timescale -9 -12;
    .port_info 0 /INPUT 32 "PC";
    .port_info 1 /INPUT 5 "A1";
    .port_info 2 /INPUT 5 "A2";
    .port_info 3 /INPUT 5 "A3";
    .port_info 4 /INPUT 32 "WD";
    .port_info 5 /INPUT 1 "WE";
    .port_info 6 /INPUT 1 "clk";
    .port_info 7 /INPUT 1 "reset";
    .port_info 8 /OUTPUT 32 "RD1";
    .port_info 9 /OUTPUT 32 "RD2";
L_000000000113fc40 .functor BUFZ 32, L_0000000001536c10, C4<00000000000000000000000000000000>, C4<00000000000000000000000000000000>, C4<00000000000000000000000000000000>;
L_000000000113f2a0 .functor BUFZ 32, L_0000000001537250, C4<00000000000000000000000000000000>, C4<00000000000000000000000000000000>, C4<00000000000000000000000000000000>;
v0000000001199200_0 .net "A1", 4 0, L_0000000001537750;  1 drivers
v00000000011981c0_0 .net "A2", 4 0, L_0000000001535b30;  1 drivers
v0000000001199c00_0 .net "A3", 4 0, L_0000000001535450;  alias, 1 drivers
v0000000001199a20_0 .net "PC", 31 0, v0000000001198b20_0;  alias, 1 drivers
v00000000011990c0 .array "R", 31 0, 31 0;
v0000000001198d00_0 .net "RD1", 31 0, L_000000000113fc40;  alias, 1 drivers
v00000000011992a0_0 .net "RD2", 31 0, L_000000000113f2a0;  alias, 1 drivers
v0000000001199480_0 .net "WD", 31 0, L_0000000001535130;  alias, 1 drivers
v0000000001198940_0 .net "WE", 0 0, L_0000000001538ab0;  alias, 1 drivers
v0000000001199ac0_0 .net *"_ivl_0", 31 0, L_0000000001536c10;  1 drivers
v0000000001198e40_0 .net *"_ivl_10", 6 0, L_0000000001535770;  1 drivers
L_00000000014e9e28 .functor BUFT 1, C4<00>, C4<0>, C4<0>, C4<0>;
v0000000001198c60_0 .net *"_ivl_13", 1 0, L_00000000014e9e28;  1 drivers
v0000000001198ee0_0 .net *"_ivl_2", 6 0, L_0000000001536b70;  1 drivers
L_00000000014e9de0 .functor BUFT 1, C4<00>, C4<0>, C4<0>, C4<0>;
v0000000001199e80_0 .net *"_ivl_5", 1 0, L_00000000014e9de0;  1 drivers
v0000000001198760_0 .net *"_ivl_8", 31 0, L_0000000001537250;  1 drivers
v0000000001199340_0 .net "clk", 0 0, v000000000119c780_0;  alias, 1 drivers
v0000000001198260_0 .var/i "i", 31 0;
v0000000001198f80_0 .net "reset", 0 0, v000000000119d360_0;  alias, 1 drivers
L_0000000001536c10 .array/port v00000000011990c0, L_0000000001536b70;
L_0000000001536b70 .concat [ 5 2 0 0], L_0000000001537750, L_00000000014e9de0;
L_0000000001537250 .array/port v00000000011990c0, L_0000000001535770;
L_0000000001535770 .concat [ 5 2 0 0], L_0000000001535b30, L_00000000014e9e28;
S_0000000001101bb0 .scope module, "ifu" "ifu" 3 53, 8 21 0, S_0000000000946f00;
 .timescale -9 -12;
    .port_info 0 /INPUT 32 "nPC";
    .port_info 1 /INPUT 1 "clk";
    .port_info 2 /INPUT 1 "reset";
    .port_info 3 /OUTPUT 32 "PC";
    .port_info 4 /OUTPUT 32 "I";
L_000000000113f8c0 .functor BUFZ 32, L_0000000001538bf0, C4<00000000000000000000000000000000>, C4<00000000000000000000000000000000>, C4<00000000000000000000000000000000>;
v0000000001199ca0_0 .net "I", 31 0, L_000000000113f8c0;  alias, 1 drivers
v0000000001198b20_0 .var "PC", 31 0;
v0000000001199f20 .array "R", 1024 0, 31 0;
v00000000011993e0_0 .net *"_ivl_0", 31 0, L_0000000001538bf0;  1 drivers
v0000000001199700_0 .net *"_ivl_3", 9 0, L_0000000001537d90;  1 drivers
v0000000001199020_0 .net *"_ivl_4", 11 0, L_0000000001538d30;  1 drivers
L_00000000014e99a8 .functor BUFT 1, C4<00>, C4<0>, C4<0>, C4<0>;
v0000000001199520_0 .net *"_ivl_7", 1 0, L_00000000014e99a8;  1 drivers
v0000000001198580_0 .net "clk", 0 0, v000000000119c780_0;  alias, 1 drivers
v00000000011986c0_0 .var/i "i", 31 0;
v0000000001198080_0 .net "nPC", 31 0, L_00000000015356d0;  alias, 1 drivers
v0000000001199160_0 .net "reset", 0 0, v000000000119d360_0;  alias, 1 drivers
L_0000000001538bf0 .array/port v0000000001199f20, L_0000000001538d30;
L_0000000001537d90 .part v0000000001198b20_0, 2, 10;
L_0000000001538d30 .concat [ 10 2 0 0], L_0000000001537d90, L_00000000014e99a8;
    .scope S_0000000001101bb0;
T_0 ;
    %pushi/vec4 12288, 0, 32;
    %store/vec4 v0000000001198b20_0, 0, 32;
    %pushi/vec4 0, 0, 32;
    %store/vec4 v00000000011986c0_0, 0, 32;
T_0.0 ;
    %load/vec4 v00000000011986c0_0;
    %cmpi/s 1024, 0, 32;
    %jmp/0xz T_0.1, 5;
    %pushi/vec4 0, 0, 32;
    %ix/getv/s 4, v00000000011986c0_0;
    %store/vec4a v0000000001199f20, 4, 0;
    %load/vec4 v00000000011986c0_0;
    %addi 1, 0, 32;
    %store/vec4 v00000000011986c0_0, 0, 32;
    %jmp T_0.0;
T_0.1 ;
    %vpi_call 8 36 "$readmemh", "code.txt", v0000000001199f20 {0 0 0};
    %end;
    .thread T_0;
    .scope S_0000000001101bb0;
T_1 ;
    %wait E_0000000001133040;
    %load/vec4 v0000000001199160_0;
    %flag_set/vec4 8;
    %jmp/0xz  T_1.0, 8;
    %pushi/vec4 12288, 0, 32;
    %assign/vec4 v0000000001198b20_0, 0;
    %jmp T_1.1;
T_1.0 ;
    %load/vec4 v0000000001198080_0;
    %assign/vec4 v0000000001198b20_0, 0;
T_1.1 ;
    %jmp T_1;
    .thread T_1;
    .scope S_0000000001101a20;
T_2 ;
    %pushi/vec4 0, 0, 32;
    %store/vec4 v0000000001198260_0, 0, 32;
T_2.0 ;
    %load/vec4 v0000000001198260_0;
    %cmpi/s 32, 0, 32;
    %jmp/0xz T_2.1, 5;
    %pushi/vec4 0, 0, 32;
    %ix/getv/s 4, v0000000001198260_0;
    %store/vec4a v00000000011990c0, 4, 0;
    %load/vec4 v0000000001198260_0;
    %addi 1, 0, 32;
    %store/vec4 v0000000001198260_0, 0, 32;
    %jmp T_2.0;
T_2.1 ;
    %end;
    .thread T_2;
    .scope S_0000000001101a20;
T_3 ;
    %wait E_0000000001133040;
    %load/vec4 v0000000001198f80_0;
    %flag_set/vec4 8;
    %jmp/0xz  T_3.0, 8;
    %pushi/vec4 1, 0, 32;
    %store/vec4 v0000000001198260_0, 0, 32;
T_3.2 ;
    %load/vec4 v0000000001198260_0;
    %cmpi/s 32, 0, 32;
    %jmp/0xz T_3.3, 5;
    %pushi/vec4 0, 0, 32;
    %ix/getv/s 3, v0000000001198260_0;
    %ix/load 4, 0, 0; Constant delay
    %assign/vec4/a/d v00000000011990c0, 0, 4;
    %load/vec4 v0000000001198260_0;
    %addi 1, 0, 32;
    %store/vec4 v0000000001198260_0, 0, 32;
    %jmp T_3.2;
T_3.3 ;
    %jmp T_3.1;
T_3.0 ;
    %load/vec4 v0000000001198940_0;
    %load/vec4 v0000000001199c00_0;
    %pushi/vec4 0, 0, 5;
    %cmp/ne;
    %flag_get/vec4 4;
    %and;
    %flag_set/vec4 8;
    %jmp/0xz  T_3.4, 8;
    %load/vec4 v0000000001199480_0;
    %load/vec4 v0000000001199c00_0;
    %pad/u 7;
    %ix/vec4 3;
    %ix/load 4, 0, 0; Constant delay
    %assign/vec4/a/d v00000000011990c0, 0, 4;
    %vpi_call 7 47 "$display", "@%h: $%d <= %h", v0000000001199a20_0, v0000000001199c00_0, v0000000001199480_0 {0 0 0};
T_3.4 ;
T_3.1 ;
    %jmp T_3;
    .thread T_3;
    .scope S_0000000001101890;
T_4 ;
    %pushi/vec4 0, 0, 32;
    %store/vec4 v00000000011984e0_0, 0, 32;
T_4.0 ;
    %load/vec4 v00000000011984e0_0;
    %cmpi/s 1024, 0, 32;
    %jmp/0xz T_4.1, 5;
    %pushi/vec4 0, 0, 32;
    %ix/getv/s 4, v00000000011984e0_0;
    %store/vec4a v00000000011973d0, 4, 0;
    %load/vec4 v00000000011984e0_0;
    %addi 1, 0, 32;
    %store/vec4 v00000000011984e0_0, 0, 32;
    %jmp T_4.0;
T_4.1 ;
    %end;
    .thread T_4;
    .scope S_0000000001101890;
T_5 ;
    %wait E_0000000001133040;
    %load/vec4 v0000000001199840_0;
    %flag_set/vec4 8;
    %jmp/0xz  T_5.0, 8;
    %pushi/vec4 0, 0, 32;
    %store/vec4 v00000000011984e0_0, 0, 32;
T_5.2 ;
    %load/vec4 v00000000011984e0_0;
    %cmpi/s 1024, 0, 32;
    %jmp/0xz T_5.3, 5;
    %pushi/vec4 0, 0, 32;
    %ix/getv/s 3, v00000000011984e0_0;
    %ix/load 4, 0, 0; Constant delay
    %assign/vec4/a/d v00000000011973d0, 0, 4;
    %load/vec4 v00000000011984e0_0;
    %addi 1, 0, 32;
    %store/vec4 v00000000011984e0_0, 0, 32;
    %jmp T_5.2;
T_5.3 ;
    %jmp T_5.1;
T_5.0 ;
    %load/vec4 v0000000001197790_0;
    %flag_set/vec4 8;
    %jmp/0xz  T_5.4, 8;
    %load/vec4 v00000000011976f0_0;
    %load/vec4 v0000000001197290_0;
    %parti/s 10, 2, 3;
    %pad/u 12;
    %ix/vec4 3;
    %ix/load 4, 0, 0; Constant delay
    %assign/vec4/a/d v00000000011973d0, 0, 4;
    %vpi_call 6 44 "$display", "@%h: *%h <= %h", v0000000001197470_0, v0000000001197290_0, v00000000011976f0_0 {0 0 0};
T_5.4 ;
T_5.1 ;
    %jmp T_5;
    .thread T_5;
    .scope S_0000000001141ff0;
T_6 ;
    %pushi/vec4 0, 0, 1;
    %store/vec4 v000000000119d360_0, 0, 1;
    %pushi/vec4 0, 0, 1;
    %store/vec4 v000000000119c780_0, 0, 1;
    %pushi/vec4 1, 0, 32;
    %store/vec4 v000000000119d540_0, 0, 32;
T_6.0 ;
    %load/vec4 v000000000119d540_0;
    %cmpi/s 2000, 0, 32;
    %flag_or 5, 4;
    %jmp/0xz T_6.1, 5;
    %delay 5000, 0;
    %load/vec4 v000000000119c780_0;
    %inv;
    %store/vec4 v000000000119c780_0, 0, 1;
    %load/vec4 v000000000119d540_0;
    %addi 1, 0, 32;
    %store/vec4 v000000000119d540_0, 0, 32;
    %jmp T_6.0;
T_6.1 ;
    %end;
    .thread T_6;
# The file index is used to find the file name in the following table.
:file_names 9;
    "N/A";
    "<interactive>";
    "D:\coding\CO\Verilog\P4\tb.v";
    "D:\coding\CO\Verilog\P4/mips.v";
    "D:\coding\CO\Verilog\P4/alu.v";
    "D:\coding\CO\Verilog\P4/ctrl.v";
    "D:\coding\CO\Verilog\P4/dm.v";
    "D:\coding\CO\Verilog\P4/grf.v";
    "D:\coding\CO\Verilog\P4/ifu.v";
