Command line:
   BlockCheckerTB_isim_beh.exe
     -simmode  gui
     -simrunnum  0
     -socket  62343

Sun Oct 25 20:59:31 2020


 Elaboration Time: 0.203125 sec

 Current Memory Usage: 5818.15 Meg

 Total Signals          : 18
 Total Nets             : 24
 Total Signal Drivers   : 9
 Total Blocks           : 3
 Total Primitive Blocks : 2
 Total Processes        : 14
 Total Traceable Variables  : 23
 Total Scalar Nets and Variables : 178
Total Line Count : 101

 Total Simulation Time: 0.28125 sec

 Current Memory Usage: 5818.15 Meg

Sun Oct 25 20:59:53 2020

