Command line:
   tb_isim_beh.exe
     -simmode  gui
     -simrunnum  0
     -socket  52916

Sun Nov 22 16:17:23 2020


 Elaboration Time: 0.21875 sec

 Current Memory Usage: 5822.37 Meg

 Total Signals          : 392
 Total Nets             : 1615
 Total Signal Drivers   : 194
 Total Blocks           : 24
 Total Primitive Blocks : 13
 Total Processes        : 211
 Total Traceable Variables  : 41
 Total Scalar Nets and Variables : 68870
Total Line Count : 266

 Total Simulation Time: 0.234375 sec

 Current Memory Usage: 5822.37 Meg

Sun Nov 22 16:17:24 2020

