Command line:
   cpu_checker__isim_beh.exe
     -simmode  gui
     -simrunnum  0
     -socket  49991

Sat Sep 12 14:26:09 2020


 Elaboration Time: 0.15625 sec

 Current Memory Usage: 5818.1 Meg

 Total Signals          : 18
 Total Nets             : 25
 Total Signal Drivers   : 9
 Total Blocks           : 3
 Total Primitive Blocks : 2
 Total Processes        : 14
 Total Traceable Variables  : 23
 Total Scalar Nets and Variables : 125
Total Line Count : 277

 Total Simulation Time: 0.390625 sec

 Current Memory Usage: 4717.06 Meg

Sat Sep 12 14:30:18 2020

