Command line:
   assignALU_isim_beh.exe
     -simmode  gui
     -simrunnum  0
     -socket  60866

Tue Sep 08 19:56:18 2020


 Elaboration Time: 0.296875 sec

 Current Memory Usage: 5818.09 Meg

 Total Signals          : 17
 Total Nets             : 27
 Total Signal Drivers   : 6
 Total Blocks           : 2
 Total Primitive Blocks : 2
 Total Processes        : 7
 Total Traceable Variables  : 18
 Total Scalar Nets and Variables : 107
Total Line Count : 15

 Total Simulation Time: 0.3125 sec

 Current Memory Usage: 5818.09 Meg

Tue Sep 08 19:56:31 2020

