ISim log file
Running: D:\coding\CO\Verilog\P7\tb_isim_beh.exe -intstyle ise -gui -tclbatch isim.cmd -wdb D:/coding/CO/Verilog/P7/tb_isim_beh.wdb 
ISim P.20131013 (signature 0x7708f090)
WARNING: A WEBPACK license was found.
WARNING: Please use Xilinx License Configuration Manager to check out a full ISim license.
WARNING: ISim will run in Lite mode. Please refer to the ISim documentation for more information on the differences between the Lite and the Full version.
This is a Lite version of ISim.
Time resolution is 1 ps
# onerror resume
# wave add /
# run 1000 ns
Simulator is doing circuit initialization process.
Finished circuit initialization process.
                  45@00003000: $ 1 <= 00007f00
                  55@00003004: $ 2 <= 00007f10
                  65@00003008: $26 <= 7fff0000
                  75@0000300c: $19 <= 7fff0000
                  85@00003010: $19 <= 7fffffff
                  95@00003014: $ 9 <= ffff0000
                 105@00003018: $10 <= 0000ac99
                 155@00004180: $26 <= 00000000
                 165@00004184: $27 <= 00000000
                 195@0000301c: $24 <= 00000000
                 195@00003020: *00000000 <= 00000000
                 235@0000302c: $ 3 <= 00000000
                 245@00003030: $ 3 <= 00000000
                 255@00003034: $ 3 <= 00000000
                 265@00003038: $26 <= 0000ffff
                 275@0000303c: $27 <= 70000000
                 285@00003040: $26 <= 7000ffff
                 335@00004180: $26 <= 00000000
                 345@00004184: $27 <= 00000000
                 375@00003044: $27 <= 00000000
                 385@00003048: $27 <= 00000000
                 395@0000304c: $27 <= 00000000
                 405@00003050: $ 3 <= 00000000
                 415@00003054: $26 <= 7fff0000
                 425@00003058: $26 <= 7fffffff
                 475@00004180: $26 <= 00000000
                 485@00004184: $27 <= 00000000
                 515@0000305c: $21 <= 00000064
                 525@00003060: $ 5 <= 00000640
                 535@00003064: $ 5 <= 00000006
                 545@00003068: $ 5 <= 00000006
                 555@0000306c: $31 <= 00003074
                 575@00003078: $26 <= 80000000
                 625@00004180: $26 <= 00000000
                 635@00004184: $27 <= 00000000
                 665@0000307c: $ 4 <= ffffcf8c
                 665@00003080: *00000004 <= ffffcf8c
                 725@00003094: $ 1 <= 00010000
                 735@00003098: $26 <= 7fffffff
                 785@00004180: $26 <= 00000000
                 795@00004184: $27 <= 00000000
                 825@0000309c: $26 <= 00000000
                 835@000030a0: $ 3 <= ffffcf8c
                 845@000030a4: $ 3 <= 0000cf8c
                 855@000030a8: $ 4 <= ffffffff
                 865@000030ac: $ 4 <= 000000ff
                 875@000030b0: $ 4 <= ffffcf8c
                 885@000030b4: $ 4 <= 0000ffff
                 895@000030b8: $26 <= 7fffffff
                 945@00004180: $26 <= 00000000
                 955@00004184: $27 <= 00000000
                 985@000030bc: $26 <= 00000000
                 995@000030c0: $ 4 <= 00000003
# restart
# run all
Simulator is doing circuit initialization process.
Finished circuit initialization process.
                  45@00003000: $ 1 <= 00007f00
                  55@00003004: $ 2 <= 00007f10
                  65@00003008: $26 <= 7fff0000
                  75@0000300c: $19 <= 7fff0000
                  85@00003010: $19 <= 7fffffff
                  95@00003014: $ 9 <= ffff0000
                 105@00003018: $10 <= 0000ac99
                 155@00004180: $26 <= 00000000
                 165@00004184: $27 <= 00000000
                 195@0000301c: $24 <= 00000000
                 195@00003020: *00000000 <= 00000000
                 235@0000302c: $ 3 <= 00000000
                 245@00003030: $ 3 <= 00000000
                 255@00003034: $ 3 <= 00000000
                 265@00003038: $26 <= 0000ffff
                 275@0000303c: $27 <= 70000000
                 285@00003040: $26 <= 7000ffff
                 335@00004180: $26 <= 00000000
                 345@00004184: $27 <= 00000000
                 375@00003044: $27 <= 00000000
                 385@00003048: $27 <= 00000000
                 395@0000304c: $27 <= 00000000
                 405@00003050: $ 3 <= 00000000
                 415@00003054: $26 <= 7fff0000
                 425@00003058: $26 <= 7fffffff
                 475@00004180: $26 <= 00000000
                 485@00004184: $27 <= 00000000
                 515@0000305c: $21 <= 00000064
                 525@00003060: $ 5 <= 00000640
                 535@00003064: $ 5 <= 00000006
                 545@00003068: $ 5 <= 00000006
                 555@0000306c: $31 <= 00003074
                 575@00003078: $26 <= 80000000
                 625@00004180: $26 <= 00000000
                 635@00004184: $27 <= 00000000
                 665@0000307c: $ 4 <= ffffcf8c
                 665@00003080: *00000004 <= ffffcf8c
                 725@00003094: $ 1 <= 00010000
                 735@00003098: $26 <= 7fffffff
                 785@00004180: $26 <= 00000000
                 795@00004184: $27 <= 00000000
                 825@0000309c: $26 <= 00000000
                 835@000030a0: $ 3 <= ffffcf8c
                 845@000030a4: $ 3 <= 0000cf8c
                 855@000030a8: $ 4 <= ffffffff
                 865@000030ac: $ 4 <= 000000ff
                 875@000030b0: $ 4 <= ffffcf8c
                 885@000030b4: $ 4 <= 0000ffff
                 895@000030b8: $26 <= 7fffffff
                 945@00004180: $26 <= 00000000
                 955@00004184: $27 <= 00000000
                 985@000030bc: $26 <= 00000000
                 995@000030c0: $ 4 <= 00000003
                1005@000030c4: $ 4 <= 00000001
                1015@000030c8: $ 4 <= 0000cf8f
                1065@000030e0: $26 <= 7fffffff
                1115@00004180: $26 <= 00000000
                1125@00004184: $27 <= 00000000
                1155@000030e4: $26 <= 00000000
                1195@000030f0: $ 1 <= 00010000
                1205@000030f4: $26 <= 7fffffff
                1255@00004180: $26 <= 00000000
                1265@00004184: $27 <= 00000000
                1295@000030f8: $26 <= 00000000
                1375@00003100: $ 4 <= ffffffff
                1385@00003104: $ 5 <= 53670000
                1435@00003118: $26 <= 7fffffff
                1485@00004180: $26 <= 00000000
                1495@00004184: $27 <= 00000000
                1525@0000311c: $26 <= 00000000
                1545@00003120: $ 4 <= ffffac99
                1555@00003124: $ 5 <= ffffffff
                1575@0000312c: $26 <= 7fffffff
                1625@00004180: $26 <= 00000000
                1635@00004184: $27 <= 00000000
                1665@00003130: $26 <= 00000000
                1675@00003134: $ 4 <= 7fffffff
                1685@0000313c: *00000000 <= 00000000
                1755@00003154: $26 <= 7fffffff
                1805@00004180: $26 <= 00000000
                1815@00004184: $27 <= 00000000
                1845@00003158: $26 <= 00000000
                1855@0000315c: $ 4 <= 00007a9e
                1865@00003160: $ 5 <= 00017bb2
                1935@0000317c: $26 <= 7fffffff
                1985@00004180: $26 <= 00000000
                1995@00004184: $27 <= 00000000
                2025@00003180: $26 <= 00000000
                2035@00003184: $ 4 <= 0000ac98
                2045@00003188: $ 4 <= 53670000
                2065@00003190: $26 <= 7fffffff
                2075@00003194: $ 3 <= 00000003
                2075@00003198: *00000000 <= 00000003
                2095@0000319c: $ 4 <= 00000003
                2175@00004180: $26 <= 00000000
                2185@00004184: $27 <= 00000000
                2225@000031a4: $26 <= 00000000
                2255@000031b8: $26 <= 7fffffff
                2265@000031bc: $31 <= 000031c4
                2315@00004180: $26 <= 00000000
                2325@00004184: $27 <= 00000000
                2355@000031bc: $31 <= 000031c4
                2365@000031c0: $26 <= 00000000
                2415@000031dc: $26 <= 7fffffff
                2465@00004180: $26 <= 00000000
                2475@00004184: $27 <= 00000000
                2505@000031e0: $26 <= 00000000
                2515@000031e4: $ 4 <= 000031e0
                2525@000031e8: $ 4 <= 00000030
                2535@000031ec: $ 4 <= 000031e0
                2545@000031f0: $ 4 <= 3b800001
                2565@000031f8: $26 <= 7fffffff
                2615@00004180: $26 <= 00000000
                2625@00004184: $27 <= 00000000
                2655@000031fc: $26 <= 00000000
                2715@00003218: $26 <= 7fffffff
                2765@00004180: $26 <= 00000000
                2775@00004184: $27 <= 00000000
                2805@0000321c: $26 <= 00000000
                2815@00003220: $ 4 <= 0000321c
                2825@00003224: $ 4 <= 00000030
                2835@00003228: $ 4 <= 0000321c
                2845@0000322c: $ 4 <= 3b800001
                2855@00003230: $26 <= 7fffffff
                2865@00003234: $ 9 <= 00003244
                2885@00003238: $31 <= 00003240
                2935@00004180: $26 <= 00000000
                2945@00004184: $27 <= 00000000
                2975@00003238: $31 <= 00003240
                2985@0000323c: $26 <= 00000000
Stopped at time : 100100 ns : File "D:/coding/CO/Verilog/P7/tb.v" Line 54
# restart
# run 1.00us
Simulator is doing circuit initialization process.
Finished circuit initialization process.
                  45@00003000: $ 1 <= 00007f00
                  55@00003004: $ 2 <= 00007f10
                  65@00003008: $26 <= 7fff0000
                  75@0000300c: $19 <= 7fff0000
                  85@00003010: $19 <= 7fffffff
                  95@00003014: $ 9 <= ffff0000
                 105@00003018: $10 <= 0000ac99
                 155@00004180: $26 <= 00000000
                 165@00004184: $27 <= 00000000
                 195@0000301c: $24 <= 00000000
                 195@00003020: *00000000 <= 00000000
                 235@0000302c: $ 3 <= 00000000
                 245@00003030: $ 3 <= 00000000
                 255@00003034: $ 3 <= 00000000
                 265@00003038: $26 <= 0000ffff
                 275@0000303c: $27 <= 70000000
                 285@00003040: $26 <= 7000ffff
                 335@00004180: $26 <= 00000000
                 345@00004184: $27 <= 00000000
                 375@00003044: $27 <= 00000000
                 385@00003048: $27 <= 00000000
                 395@0000304c: $27 <= 00000000
                 405@00003050: $ 3 <= 00000000
                 415@00003054: $26 <= 7fff0000
                 425@00003058: $26 <= 7fffffff
                 475@00004180: $26 <= 00000000
                 485@00004184: $27 <= 00000000
                 515@0000305c: $21 <= 00000064
                 525@00003060: $ 5 <= 00000640
                 535@00003064: $ 5 <= 00000006
                 545@00003068: $ 5 <= 00000006
                 555@0000306c: $31 <= 00003074
                 575@00003078: $26 <= 80000000
                 625@00004180: $26 <= 00000000
                 635@00004184: $27 <= 00000000
                 665@0000307c: $ 4 <= ffffcf8c
                 665@00003080: *00000004 <= ffffcf8c
                 725@00003094: $ 1 <= 00010000
                 735@00003098: $26 <= 7fffffff
                 785@00004180: $26 <= 00000000
                 795@00004184: $27 <= 00000000
                 825@0000309c: $26 <= 00000000
                 835@000030a0: $ 3 <= ffffcf8c
                 845@000030a4: $ 3 <= 0000cf8c
                 855@000030a8: $ 4 <= ffffffff
                 865@000030ac: $ 4 <= 000000ff
                 875@000030b0: $ 4 <= ffffcf8c
                 885@000030b4: $ 4 <= 0000ffff
                 895@000030b8: $26 <= 7fffffff
                 945@00004180: $26 <= 00000000
                 955@00004184: $27 <= 00000000
                 985@000030bc: $26 <= 00000000
                 995@000030c0: $ 4 <= 00000003
# restart
# run 3.00us
Simulator is doing circuit initialization process.
Finished circuit initialization process.
                  45@00003000: $ 1 <= 00007f00
                  55@00003004: $ 2 <= 00007f10
                  65@00003008: $26 <= 7fff0000
                  75@0000300c: $19 <= 7fff0000
                  85@00003010: $19 <= 7fffffff
                  95@00003014: $ 9 <= ffff0000
                 105@00003018: $10 <= 0000ac99
                 155@00004180: $26 <= 00000000
                 165@00004184: $27 <= 00000000
                 195@0000301c: $24 <= 00000000
                 195@00003020: *00000000 <= 00000000
                 235@0000302c: $ 3 <= 00000000
                 245@00003030: $ 3 <= 00000000
                 255@00003034: $ 3 <= 00000000
                 265@00003038: $26 <= 0000ffff
                 275@0000303c: $27 <= 70000000
                 285@00003040: $26 <= 7000ffff
                 335@00004180: $26 <= 00000000
                 345@00004184: $27 <= 00000000
                 375@00003044: $27 <= 00000000
                 385@00003048: $27 <= 00000000
                 395@0000304c: $27 <= 00000000
                 405@00003050: $ 3 <= 00000000
                 415@00003054: $26 <= 7fff0000
                 425@00003058: $26 <= 7fffffff
                 475@00004180: $26 <= 00000000
                 485@00004184: $27 <= 00000000
                 515@0000305c: $21 <= 00000064
                 525@00003060: $ 5 <= 00000640
                 535@00003064: $ 5 <= 00000006
                 545@00003068: $ 5 <= 00000006
                 555@0000306c: $31 <= 00003074
                 575@00003078: $26 <= 80000000
                 625@00004180: $26 <= 00000000
                 635@00004184: $27 <= 00000000
                 665@0000307c: $ 4 <= ffffcf8c
                 665@00003080: *00000004 <= ffffcf8c
                 725@00003094: $ 1 <= 00010000
                 735@00003098: $26 <= 7fffffff
                 785@00004180: $26 <= 00000000
                 795@00004184: $27 <= 00000000
                 825@0000309c: $26 <= 00000000
                 835@000030a0: $ 3 <= ffffcf8c
                 845@000030a4: $ 3 <= 0000cf8c
                 855@000030a8: $ 4 <= ffffffff
                 865@000030ac: $ 4 <= 000000ff
                 875@000030b0: $ 4 <= ffffcf8c
                 885@000030b4: $ 4 <= 0000ffff
                 895@000030b8: $26 <= 7fffffff
                 945@00004180: $26 <= 00000000
                 955@00004184: $27 <= 00000000
                 985@000030bc: $26 <= 00000000
                 995@000030c0: $ 4 <= 00000003
                1005@000030c4: $ 4 <= 00000001
                1015@000030c8: $ 4 <= 0000cf8f
                1065@000030e0: $26 <= 7fffffff
                1115@00004180: $26 <= 00000000
                1125@00004184: $27 <= 00000000
                1155@000030e4: $26 <= 00000000
                1195@000030f0: $ 1 <= 00010000
                1205@000030f4: $26 <= 7fffffff
                1255@00004180: $26 <= 00000000
                1265@00004184: $27 <= 00000000
                1295@000030f8: $26 <= 00000000
                1375@00003100: $ 4 <= ffffffff
                1385@00003104: $ 5 <= 53670000
                1435@00003118: $26 <= 7fffffff
                1485@00004180: $26 <= 00000000
                1495@00004184: $27 <= 00000000
                1525@0000311c: $26 <= 00000000
                1545@00003120: $ 4 <= ffffac99
                1555@00003124: $ 5 <= ffffffff
                1575@0000312c: $26 <= 7fffffff
                1625@00004180: $26 <= 00000000
                1635@00004184: $27 <= 00000000
                1665@00003130: $26 <= 00000000
                1675@00003134: $ 4 <= 7fffffff
                1685@0000313c: *00000000 <= 00000000
                1755@00003154: $26 <= 7fffffff
                1805@00004180: $26 <= 00000000
                1815@00004184: $27 <= 00000000
                1845@00003158: $26 <= 00000000
                1855@0000315c: $ 4 <= 00007a9e
                1865@00003160: $ 5 <= 00017bb2
                1935@0000317c: $26 <= 7fffffff
                1985@00004180: $26 <= 00000000
                1995@00004184: $27 <= 00000000
                2025@00003180: $26 <= 00000000
                2035@00003184: $ 4 <= 0000ac98
                2045@00003188: $ 4 <= 53670000
                2065@00003190: $26 <= 7fffffff
                2075@00003194: $ 3 <= 00000003
                2075@00003198: *00000000 <= 00000003
                2095@0000319c: $ 4 <= 00000003
                2175@00004180: $26 <= 00000000
                2185@00004184: $27 <= 00000000
                2225@000031a4: $26 <= 00000000
                2255@000031b8: $26 <= 7fffffff
                2265@000031bc: $31 <= 000031c4
                2315@00004180: $26 <= 00000000
                2325@00004184: $27 <= 00000000
                2355@000031bc: $31 <= 000031c4
                2365@000031c0: $26 <= 00000000
                2415@000031dc: $26 <= 7fffffff
                2465@00004180: $26 <= 00000000
                2475@00004184: $27 <= 00000000
                2505@000031e0: $26 <= 00000000
                2515@000031e4: $ 4 <= 000031e0
                2525@000031e8: $ 4 <= 00000030
                2535@000031ec: $ 4 <= 000031e0
                2545@000031f0: $ 4 <= 3b800001
                2565@000031f8: $26 <= 7fffffff
                2615@00004180: $26 <= 00000000
                2625@00004184: $27 <= 00000000
                2655@000031fc: $26 <= 00000000
                2715@00003218: $26 <= 7fffffff
                2765@00004180: $26 <= 00000000
                2775@00004184: $27 <= 00000000
                2805@0000321c: $26 <= 00000000
                2815@00003220: $ 4 <= 0000321c
                2825@00003224: $ 4 <= 00000030
                2835@00003228: $ 4 <= 0000321c
                2845@0000322c: $ 4 <= 3b800001
                2855@00003230: $26 <= 7fffffff
                2865@00003234: $ 9 <= 00003244
                2885@00003238: $31 <= 00003240
                2935@00004180: $26 <= 00000000
                2945@00004184: $27 <= 00000000
                2975@00003238: $31 <= 00003240
                2985@0000323c: $26 <= 00000000
# restart
# run 3.00us
Simulator is doing circuit initialization process.
Finished circuit initialization process.
                  45@00003000: $ 1 <= 00007f00
                  55@00003004: $ 2 <= 00007f10
                  65@00003008: $26 <= 7fff0000
                  75@0000300c: $19 <= 7fff0000
                  85@00003010: $19 <= 7fffffff
                  95@00003014: $ 9 <= ffff0000
                 105@00003018: $10 <= 0000ac99
                 155@00004180: $26 <= 00000000
                 165@00004184: $27 <= 00000000
                 195@0000301c: $24 <= 00000000
                 195@00003020: *00000000 <= 00000000
                 235@0000302c: $ 3 <= 00000000
                 245@00003030: $ 3 <= 00000000
                 255@00003034: $ 3 <= 00000000
                 265@00003038: $26 <= 0000ffff
                 275@0000303c: $27 <= 70000000
                 285@00003040: $26 <= 7000ffff
                 335@00004180: $26 <= 00000000
                 345@00004184: $27 <= 00000000
                 375@00003044: $27 <= 00000000
                 385@00003048: $27 <= 00000000
                 395@0000304c: $27 <= 00000000
                 405@00003050: $ 3 <= 00000000
                 415@00003054: $26 <= 7fff0000
                 425@00003058: $26 <= 7fffffff
                 475@00004180: $26 <= 00000000
                 485@00004184: $27 <= 00000000
                 515@0000305c: $21 <= 00000064
                 525@00003060: $ 5 <= 00000640
                 535@00003064: $ 5 <= 00000006
                 545@00003068: $ 5 <= 00000006
                 555@0000306c: $31 <= 00003074
                 575@00003078: $26 <= 80000000
                 625@00004180: $26 <= 00000000
                 635@00004184: $27 <= 00000000
                 665@0000307c: $ 4 <= ffffcf8c
                 665@00003080: *00000004 <= ffffcf8c
                 725@00003094: $ 1 <= 00010000
                 735@00003098: $26 <= 7fffffff
                 785@00004180: $26 <= 00000000
                 795@00004184: $27 <= 00000000
                 825@0000309c: $26 <= 00000000
                 835@000030a0: $ 3 <= ffffcf8c
                 845@000030a4: $ 3 <= 0000cf8c
                 855@000030a8: $ 4 <= ffffffff
                 865@000030ac: $ 4 <= 000000ff
                 875@000030b0: $ 4 <= ffffcf8c
                 885@000030b4: $ 4 <= 0000ffff
                 895@000030b8: $26 <= 7fffffff
                 945@00004180: $26 <= 00000000
                 955@00004184: $27 <= 00000000
                 985@000030bc: $26 <= 00000000
                 995@000030c0: $ 4 <= 00000003
                1005@000030c4: $ 4 <= 00000001
                1015@000030c8: $ 4 <= 0000cf8f
                1065@000030e0: $26 <= 7fffffff
                1115@00004180: $26 <= 00000000
                1125@00004184: $27 <= 00000000
                1155@000030e4: $26 <= 00000000
                1195@000030f0: $ 1 <= 00010000
                1205@000030f4: $26 <= 7fffffff
                1255@00004180: $26 <= 00000000
                1265@00004184: $27 <= 00000000
                1295@000030f8: $26 <= 00000000
                1375@00003100: $ 4 <= ffffffff
                1385@00003104: $ 5 <= 53670000
                1435@00003118: $26 <= 7fffffff
                1485@00004180: $26 <= 00000000
                1495@00004184: $27 <= 00000000
                1525@0000311c: $26 <= 00000000
                1545@00003120: $ 4 <= ffffac99
                1555@00003124: $ 5 <= ffffffff
                1575@0000312c: $26 <= 7fffffff
                1625@00004180: $26 <= 00000000
                1635@00004184: $27 <= 00000000
                1665@00003130: $26 <= 00000000
                1675@00003134: $ 4 <= 7fffffff
                1685@0000313c: *00000000 <= 00000000
                1755@00003154: $26 <= 7fffffff
                1805@00004180: $26 <= 00000000
                1815@00004184: $27 <= 00000000
                1845@00003158: $26 <= 00000000
                1855@0000315c: $ 4 <= 00007a9e
                1865@00003160: $ 5 <= 00017bb2
                1935@0000317c: $26 <= 7fffffff
                1985@00004180: $26 <= 00000000
                1995@00004184: $27 <= 00000000
                2025@00003180: $26 <= 00000000
                2035@00003184: $ 4 <= 0000ac98
                2045@00003188: $ 4 <= 53670000
                2065@00003190: $26 <= 7fffffff
                2075@00003194: $ 3 <= 00000003
                2075@00003198: *00000000 <= 00000003
                2095@0000319c: $ 4 <= 00000003
                2175@00004180: $26 <= 00000000
                2185@00004184: $27 <= 00000000
                2225@000031a4: $26 <= 00000000
                2255@000031b8: $26 <= 7fffffff
                2265@000031bc: $31 <= 000031c4
                2315@00004180: $26 <= 00000000
                2325@00004184: $27 <= 00000000
                2355@000031bc: $31 <= 000031c4
                2365@000031c0: $26 <= 00000000
                2415@000031dc: $26 <= 7fffffff
                2465@00004180: $26 <= 00000000
                2475@00004184: $27 <= 00000000
                2505@000031e0: $26 <= 00000000
                2515@000031e4: $ 4 <= 000031e0
                2525@000031e8: $ 4 <= 00000030
                2535@000031ec: $ 4 <= 000031e0
                2545@000031f0: $ 4 <= 3b800001
                2565@000031f8: $26 <= 7fffffff
                2615@00004180: $26 <= 00000000
                2625@00004184: $27 <= 00000000
                2655@000031fc: $26 <= 00000000
                2715@00003218: $26 <= 7fffffff
                2765@00004180: $26 <= 00000000
                2775@00004184: $27 <= 00000000
                2805@0000321c: $26 <= 00000000
                2815@00003220: $ 4 <= 0000321c
                2825@00003224: $ 4 <= 00000030
                2835@00003228: $ 4 <= 0000321c
                2845@0000322c: $ 4 <= 3b800001
                2855@00003230: $26 <= 7fffffff
                2865@00003234: $ 9 <= 00003244
                2885@00003238: $31 <= 00003240
                2935@00004180: $26 <= 00000000
                2945@00004184: $27 <= 00000000
                2975@00003238: $31 <= 00003240
                2985@0000323c: $26 <= 00000000
# restart
# run 3.00us
Simulator is doing circuit initialization process.
Finished circuit initialization process.
                  45@00003000: $ 1 <= 00007f00
                  55@00003004: $ 2 <= 00007f10
                  65@00003008: $26 <= 7fff0000
                  75@0000300c: $19 <= 7fff0000
                  85@00003010: $19 <= 7fffffff
                  95@00003014: $ 9 <= ffff0000
                 105@00003018: $10 <= 0000ac99
                 155@00004180: $26 <= 00000000
                 165@00004184: $27 <= 00000000
                 195@0000301c: $24 <= 00000000
                 195@00003020: *00000000 <= 00000000
                 235@0000302c: $ 3 <= 00000000
                 245@00003030: $ 3 <= 00000000
                 255@00003034: $ 3 <= 00000000
                 265@00003038: $26 <= 0000ffff
                 275@0000303c: $27 <= 70000000
                 285@00003040: $26 <= 7000ffff
                 335@00004180: $26 <= 00000000
                 345@00004184: $27 <= 00000000
                 375@00003044: $27 <= 00000000
                 385@00003048: $27 <= 00000000
                 395@0000304c: $27 <= 00000000
                 405@00003050: $ 3 <= 00000000
                 415@00003054: $26 <= 7fff0000
                 425@00003058: $26 <= 7fffffff
                 475@00004180: $26 <= 00000000
                 485@00004184: $27 <= 00000000
                 515@0000305c: $21 <= 00000064
                 525@00003060: $ 5 <= 00000640
                 535@00003064: $ 5 <= 00000006
                 545@00003068: $ 5 <= 00000006
                 555@0000306c: $31 <= 00003074
                 575@00003078: $26 <= 80000000
                 625@00004180: $26 <= 00000000
                 635@00004184: $27 <= 00000000
                 665@0000307c: $ 4 <= ffffcf8c
                 665@00003080: *00000004 <= ffffcf8c
                 725@00003094: $ 1 <= 00010000
                 735@00003098: $26 <= 7fffffff
                 785@00004180: $26 <= 00000000
                 795@00004184: $27 <= 00000000
                 825@0000309c: $26 <= 00000000
                 835@000030a0: $ 3 <= ffffcf8c
                 845@000030a4: $ 3 <= 0000cf8c
                 855@000030a8: $ 4 <= ffffffff
                 865@000030ac: $ 4 <= 000000ff
                 875@000030b0: $ 4 <= ffffcf8c
                 885@000030b4: $ 4 <= 0000ffff
                 895@000030b8: $26 <= 7fffffff
                 945@00004180: $26 <= 00000000
                 955@00004184: $27 <= 00000000
                 985@000030bc: $26 <= 00000000
                 995@000030c0: $ 4 <= 00000003
                1005@000030c4: $ 4 <= 00000001
                1015@000030c8: $ 4 <= 0000cf8f
                1065@000030e0: $26 <= 7fffffff
                1115@00004180: $26 <= 00000000
                1125@00004184: $27 <= 00000000
                1155@000030e4: $26 <= 00000000
                1195@000030f0: $ 1 <= 00010000
                1205@000030f4: $26 <= 7fffffff
                1255@00004180: $26 <= 00000000
                1265@00004184: $27 <= 00000000
                1295@000030f8: $26 <= 00000000
                1375@00003100: $ 4 <= ffffffff
                1385@00003104: $ 5 <= 53670000
                1435@00003118: $26 <= 7fffffff
                1485@00004180: $26 <= 00000000
                1495@00004184: $27 <= 00000000
                1525@0000311c: $26 <= 00000000
                1545@00003120: $ 4 <= ffffac99
                1555@00003124: $ 5 <= ffffffff
                1575@0000312c: $26 <= 7fffffff
                1625@00004180: $26 <= 00000000
                1635@00004184: $27 <= 00000000
                1665@00003130: $26 <= 00000000
                1675@00003134: $ 4 <= 7fffffff
                1685@0000313c: *00000000 <= 00000000
                1755@00003154: $26 <= 7fffffff
                1805@00004180: $26 <= 00000000
                1815@00004184: $27 <= 00000000
                1845@00003158: $26 <= 00000000
                1855@0000315c: $ 4 <= 00007a9e
                1865@00003160: $ 5 <= 00017bb2
                1935@0000317c: $26 <= 7fffffff
                1985@00004180: $26 <= 00000000
                1995@00004184: $27 <= 00000000
                2025@00003180: $26 <= 00000000
                2035@00003184: $ 4 <= 0000ac98
                2045@00003188: $ 4 <= 53670000
                2065@00003190: $26 <= 7fffffff
                2075@00003194: $ 3 <= 00000003
                2075@00003198: *00000000 <= 00000003
                2095@0000319c: $ 4 <= 00000003
                2175@00004180: $26 <= 00000000
                2185@00004184: $27 <= 00000000
                2225@000031a4: $26 <= 00000000
                2255@000031b8: $26 <= 7fffffff
                2265@000031bc: $31 <= 000031c4
                2315@00004180: $26 <= 00000000
                2325@00004184: $27 <= 00000000
                2355@000031bc: $31 <= 000031c4
                2365@000031c0: $26 <= 00000000
                2415@000031dc: $26 <= 7fffffff
                2465@00004180: $26 <= 00000000
                2475@00004184: $27 <= 00000000
                2505@000031e0: $26 <= 00000000
                2515@000031e4: $ 4 <= 000031e0
                2525@000031e8: $ 4 <= 00000030
                2535@000031ec: $ 4 <= 000031e0
                2545@000031f0: $ 4 <= 3b800001
                2565@000031f8: $26 <= 7fffffff
                2615@00004180: $26 <= 00000000
                2625@00004184: $27 <= 00000000
                2655@000031fc: $26 <= 00000000
                2715@00003218: $26 <= 7fffffff
                2765@00004180: $26 <= 00000000
                2775@00004184: $27 <= 00000000
                2805@0000321c: $26 <= 00000000
                2815@00003220: $ 4 <= 0000321c
                2825@00003224: $ 4 <= 00000030
                2835@00003228: $ 4 <= 0000321c
                2845@0000322c: $ 4 <= 3b800001
                2855@00003230: $26 <= 7fffffff
                2865@00003234: $ 9 <= 00003244
                2885@00003238: $31 <= 00003240
                2935@00004180: $26 <= 00000000
                2945@00004184: $27 <= 00000000
                2975@00003238: $31 <= 00003240
                2985@0000323c: $26 <= 00000000
# restart
# run 3.00us
Simulator is doing circuit initialization process.
Finished circuit initialization process.
                  45@00003000: $ 1 <= 00007f00
                  55@00003004: $ 2 <= 00007f10
                  65@00003008: $26 <= 7fff0000
                  75@0000300c: $19 <= 7fff0000
                  85@00003010: $19 <= 7fffffff
                  95@00003014: $ 9 <= ffff0000
                 105@00003018: $10 <= 0000ac99
                 155@00004180: $26 <= 00000000
                 165@00004184: $27 <= 00000000
                 195@0000301c: $24 <= 00000000
                 195@00003020: *00000000 <= 00000000
                 235@0000302c: $ 3 <= 00000000
                 245@00003030: $ 3 <= 00000000
                 255@00003034: $ 3 <= 00000000
                 265@00003038: $26 <= 0000ffff
                 275@0000303c: $27 <= 70000000
                 285@00003040: $26 <= 7000ffff
                 335@00004180: $26 <= 00000000
                 345@00004184: $27 <= 00000000
                 375@00003044: $27 <= 00000000
                 385@00003048: $27 <= 00000000
                 395@0000304c: $27 <= 00000000
                 405@00003050: $ 3 <= 00000000
                 415@00003054: $26 <= 7fff0000
                 425@00003058: $26 <= 7fffffff
                 475@00004180: $26 <= 00000000
                 485@00004184: $27 <= 00000000
                 515@0000305c: $21 <= 00000064
                 525@00003060: $ 5 <= 00000640
                 535@00003064: $ 5 <= 00000006
                 545@00003068: $ 5 <= 00000006
                 555@0000306c: $31 <= 00003074
                 575@00003078: $26 <= 80000000
                 625@00004180: $26 <= 00000000
                 635@00004184: $27 <= 00000000
                 665@0000307c: $ 4 <= ffffcf8c
                 665@00003080: *00000004 <= ffffcf8c
                 725@00003094: $ 1 <= 00010000
                 735@00003098: $26 <= 7fffffff
                 785@00004180: $26 <= 00000000
                 795@00004184: $27 <= 00000000
                 825@0000309c: $26 <= 00000000
                 835@000030a0: $ 3 <= ffffcf8c
                 845@000030a4: $ 3 <= 0000cf8c
                 855@000030a8: $ 4 <= ffffffff
                 865@000030ac: $ 4 <= 000000ff
                 875@000030b0: $ 4 <= ffffcf8c
                 885@000030b4: $ 4 <= 0000ffff
                 895@000030b8: $26 <= 7fffffff
                 945@00004180: $26 <= 00000000
                 955@00004184: $27 <= 00000000
                 985@000030bc: $26 <= 00000000
                 995@000030c0: $ 4 <= 00000003
                1005@000030c4: $ 4 <= 00000001
                1015@000030c8: $ 4 <= 0000cf8f
                1065@000030e0: $26 <= 7fffffff
                1115@00004180: $26 <= 00000000
                1125@00004184: $27 <= 00000000
                1155@000030e4: $26 <= 00000000
                1195@000030f0: $ 1 <= 00010000
                1205@000030f4: $26 <= 7fffffff
                1255@00004180: $26 <= 00000000
                1265@00004184: $27 <= 00000000
                1295@000030f8: $26 <= 00000000
                1375@00003100: $ 4 <= ffffffff
                1385@00003104: $ 5 <= 53670000
                1435@00003118: $26 <= 7fffffff
                1485@00004180: $26 <= 00000000
                1495@00004184: $27 <= 00000000
                1525@0000311c: $26 <= 00000000
                1545@00003120: $ 4 <= ffffac99
                1555@00003124: $ 5 <= ffffffff
                1575@0000312c: $26 <= 7fffffff
                1625@00004180: $26 <= 00000000
                1635@00004184: $27 <= 00000000
                1665@00003130: $26 <= 00000000
                1675@00003134: $ 4 <= 7fffffff
                1685@0000313c: *00000000 <= 00000000
                1755@00003154: $26 <= 7fffffff
                1805@00004180: $26 <= 00000000
                1815@00004184: $27 <= 00000000
                1845@00003158: $26 <= 00000000
                1855@0000315c: $ 4 <= 00007a9e
                1865@00003160: $ 5 <= 00017bb2
                1935@0000317c: $26 <= 7fffffff
                1985@00004180: $26 <= 00000000
                1995@00004184: $27 <= 00000000
                2025@00003180: $26 <= 00000000
                2035@00003184: $ 4 <= 0000ac98
                2045@00003188: $ 4 <= 53670000
                2065@00003190: $26 <= 7fffffff
                2075@00003194: $ 3 <= 00000003
                2075@00003198: *00000000 <= 00000003
                2095@0000319c: $ 4 <= 00000003
                2175@00004180: $26 <= 00000000
                2185@00004184: $27 <= 00000000
                2225@000031a4: $26 <= 00000000
                2255@000031b8: $26 <= 7fffffff
                2265@000031bc: $31 <= 000031c4
                2315@00004180: $26 <= 00000000
                2325@00004184: $27 <= 00000000
                2355@000031bc: $31 <= 000031c4
                2365@000031c0: $26 <= 00000000
                2415@000031dc: $26 <= 7fffffff
                2465@00004180: $26 <= 00000000
                2475@00004184: $27 <= 00000000
                2505@000031e0: $26 <= 00000000
                2515@000031e4: $ 4 <= 000031e0
                2525@000031e8: $ 4 <= 00000030
                2535@000031ec: $ 4 <= 000031e0
                2545@000031f0: $ 4 <= 3b800001
                2565@000031f8: $26 <= 7fffffff
                2615@00004180: $26 <= 00000000
                2625@00004184: $27 <= 00000000
                2655@000031fc: $26 <= 00000000
                2715@00003218: $26 <= 7fffffff
                2765@00004180: $26 <= 00000000
                2775@00004184: $27 <= 00000000
                2805@0000321c: $26 <= 00000000
                2815@00003220: $ 4 <= 0000321c
                2825@00003224: $ 4 <= 00000030
                2835@00003228: $ 4 <= 0000321c
                2845@0000322c: $ 4 <= 3b800001
                2855@00003230: $26 <= 7fffffff
                2865@00003234: $ 9 <= 00003244
                2885@00003238: $31 <= 00003240
                2935@00004180: $26 <= 00000000
                2945@00004184: $27 <= 00000000
                2975@00003238: $31 <= 00003240
                2985@0000323c: $26 <= 00000000
# restart
# run all
Simulator is doing circuit initialization process.
Finished circuit initialization process.
                  45@00003000: $ 1 <= 00007f00
                  55@00003004: $ 2 <= 00007f10
                  65@00003008: $26 <= 7fff0000
                  75@0000300c: $19 <= 7fff0000
                  85@00003010: $19 <= 7fffffff
                  95@00003014: $ 9 <= ffff0000
                 105@00003018: $10 <= 0000ac99
                 155@00004180: $26 <= 00000000
                 165@00004184: $27 <= 00000000
                 195@0000301c: $24 <= 00000000
                 195@00003020: *00000000 <= 00000000
                 235@0000302c: $ 3 <= 00000000
                 245@00003030: $ 3 <= 00000000
                 255@00003034: $ 3 <= 00000000
                 265@00003038: $26 <= 0000ffff
                 275@0000303c: $27 <= 70000000
                 285@00003040: $26 <= 7000ffff
                 335@00004180: $26 <= 00000000
                 345@00004184: $27 <= 00000000
                 375@00003044: $27 <= 00000000
                 385@00003048: $27 <= 00000000
                 395@0000304c: $27 <= 00000000
                 405@00003050: $ 3 <= 00000000
                 415@00003054: $26 <= 7fff0000
                 425@00003058: $26 <= 7fffffff
                 475@00004180: $26 <= 00000000
                 485@00004184: $27 <= 00000000
                 515@0000305c: $21 <= 00000064
                 525@00003060: $ 5 <= 00000640
                 535@00003064: $ 5 <= 00000006
                 545@00003068: $ 5 <= 00000006
                 555@0000306c: $31 <= 00003074
                 575@00003078: $26 <= 80000000
                 625@00004180: $26 <= 00000000
                 635@00004184: $27 <= 00000000
                 665@0000307c: $ 4 <= ffffcf8c
                 665@00003080: *00000004 <= ffffcf8c
                 725@00003094: $ 1 <= 00010000
                 735@00003098: $26 <= 7fffffff
                 785@00004180: $26 <= 00000000
                 795@00004184: $27 <= 00000000
                 825@0000309c: $26 <= 00000000
                 835@000030a0: $ 3 <= ffffcf8c
                 845@000030a4: $ 3 <= 0000cf8c
                 855@000030a8: $ 4 <= ffffffff
                 865@000030ac: $ 4 <= 000000ff
                 875@000030b0: $ 4 <= ffffcf8c
                 885@000030b4: $ 4 <= 0000ffff
                 895@000030b8: $26 <= 7fffffff
                 945@00004180: $26 <= 00000000
                 955@00004184: $27 <= 00000000
                 985@000030bc: $26 <= 00000000
                 995@000030c0: $ 4 <= 00000003
                1005@000030c4: $ 4 <= 00000001
                1015@000030c8: $ 4 <= 0000cf8f
                1065@000030e0: $26 <= 7fffffff
                1115@00004180: $26 <= 00000000
                1125@00004184: $27 <= 00000000
                1155@000030e4: $26 <= 00000000
                1195@000030f0: $ 1 <= 00010000
                1205@000030f4: $26 <= 7fffffff
                1255@00004180: $26 <= 00000000
                1265@00004184: $27 <= 00000000
                1295@000030f8: $26 <= 00000000
                1375@00003100: $ 4 <= ffffffff
                1385@00003104: $ 5 <= 53670000
                1435@00003118: $26 <= 7fffffff
                1485@00004180: $26 <= 00000000
                1495@00004184: $27 <= 00000000
                1525@0000311c: $26 <= 00000000
                1545@00003120: $ 4 <= ffffac99
                1555@00003124: $ 5 <= ffffffff
                1575@0000312c: $26 <= 7fffffff
                1625@00004180: $26 <= 00000000
                1635@00004184: $27 <= 00000000
                1665@00003130: $26 <= 00000000
                1675@00003134: $ 4 <= 7fffffff
                1685@0000313c: *00000000 <= 00000000
                1755@00003154: $26 <= 7fffffff
                1805@00004180: $26 <= 00000000
                1815@00004184: $27 <= 00000000
                1845@00003158: $26 <= 00000000
                1855@0000315c: $ 4 <= 00007a9e
                1865@00003160: $ 5 <= 00017bb2
                1935@0000317c: $26 <= 7fffffff
                1985@00004180: $26 <= 00000000
                1995@00004184: $27 <= 00000000
                2025@00003180: $26 <= 00000000
                2035@00003184: $ 4 <= 0000ac98
                2045@00003188: $ 4 <= 53670000
                2065@00003190: $26 <= 7fffffff
                2075@00003194: $ 3 <= 00000003
                2075@00003198: *00000000 <= 00000003
                2095@0000319c: $ 4 <= 00000003
                2175@00004180: $26 <= 00000000
                2185@00004184: $27 <= 00000000
                2225@000031a4: $26 <= 00000000
                2255@000031b8: $26 <= 7fffffff
                2265@000031bc: $31 <= 000031c4
                2315@00004180: $26 <= 00000000
                2325@00004184: $27 <= 00000000
                2355@000031bc: $31 <= 000031c4
                2365@000031c0: $26 <= 00000000
                2415@000031dc: $26 <= 7fffffff
                2465@00004180: $26 <= 00000000
                2475@00004184: $27 <= 00000000
                2505@000031e0: $26 <= 00000000
                2515@000031e4: $ 4 <= 000031e0
                2525@000031e8: $ 4 <= 00000030
                2535@000031ec: $ 4 <= 000031e0
                2545@000031f0: $ 4 <= 3b800001
                2565@000031f8: $26 <= 7fffffff
                2615@00004180: $26 <= 00000000
                2625@00004184: $27 <= 00000000
                2655@000031fc: $26 <= 00000000
                2715@00003218: $26 <= 7fffffff
                2765@00004180: $26 <= 00000000
                2775@00004184: $27 <= 00000000
                2805@0000321c: $26 <= 00000000
                2815@00003220: $ 4 <= 0000321c
                2825@00003224: $ 4 <= 00000030
                2835@00003228: $ 4 <= 0000321c
                2845@0000322c: $ 4 <= 3b800001
                2855@00003230: $26 <= 7fffffff
                2865@00003234: $ 9 <= 00003244
                2885@00003238: $31 <= 00003240
                2935@00004180: $26 <= 00000000
                2945@00004184: $27 <= 00000000
                2975@00003238: $31 <= 00003240
                2985@0000323c: $26 <= 00000000
Stopped at time : 100100 ns : File "D:/coding/CO/Verilog/P7/tb.v" Line 54
# restart
# restart
# run 3.00us
Simulator is doing circuit initialization process.
Finished circuit initialization process.
                  45@00003000: $ 1 <= 00007f00
                  55@00003004: $ 2 <= 00007f10
                  65@00003008: $26 <= 7fff0000
                  75@0000300c: $19 <= 7fff0000
                  85@00003010: $19 <= 7fffffff
                  95@00003014: $ 9 <= ffff0000
                 105@00003018: $10 <= 0000ac99
                 155@00004180: $26 <= 00000000
                 165@00004184: $27 <= 00000000
                 195@0000301c: $24 <= 00000000
                 195@00003020: *00000000 <= 00000000
                 235@0000302c: $ 3 <= 00000000
                 245@00003030: $ 3 <= 00000000
                 255@00003034: $ 3 <= 00000000
                 265@00003038: $26 <= 0000ffff
                 275@0000303c: $27 <= 70000000
                 285@00003040: $26 <= 7000ffff
                 335@00004180: $26 <= 00000000
                 345@00004184: $27 <= 00000000
                 375@00003044: $27 <= 00000000
                 385@00003048: $27 <= 00000000
                 395@0000304c: $27 <= 00000000
                 405@00003050: $ 3 <= 00000000
                 415@00003054: $26 <= 7fff0000
                 425@00003058: $26 <= 7fffffff
                 475@00004180: $26 <= 00000000
                 485@00004184: $27 <= 00000000
                 515@0000305c: $21 <= 00000064
                 525@00003060: $ 5 <= 00000640
                 535@00003064: $ 5 <= 00000006
                 545@00003068: $ 5 <= 00000006
                 555@0000306c: $31 <= 00003074
                 575@00003078: $26 <= 80000000
                 625@00004180: $26 <= 00000000
                 635@00004184: $27 <= 00000000
                 665@0000307c: $ 4 <= ffffcf8c
                 665@00003080: *00000004 <= ffffcf8c
                 725@00003094: $ 1 <= 00010000
                 735@00003098: $26 <= 7fffffff
                 785@00004180: $26 <= 00000000
                 795@00004184: $27 <= 00000000
                 825@0000309c: $26 <= 00000000
                 835@000030a0: $ 3 <= ffffcf8c
                 845@000030a4: $ 3 <= 0000cf8c
                 855@000030a8: $ 4 <= ffffffff
                 865@000030ac: $ 4 <= 000000ff
                 875@000030b0: $ 4 <= ffffcf8c
                 885@000030b4: $ 4 <= 0000ffff
                 895@000030b8: $26 <= 7fffffff
                 945@00004180: $26 <= 00000000
                 955@00004184: $27 <= 00000000
                 985@000030bc: $26 <= 00000000
                 995@000030c0: $ 4 <= 00000003
                1005@000030c4: $ 4 <= 00000001
                1015@000030c8: $ 4 <= 0000cf8f
                1065@000030e0: $26 <= 7fffffff
                1115@00004180: $26 <= 00000000
                1125@00004184: $27 <= 00000000
                1155@000030e4: $26 <= 00000000
                1195@000030f0: $ 1 <= 00010000
                1205@000030f4: $26 <= 7fffffff
                1255@00004180: $26 <= 00000000
                1265@00004184: $27 <= 00000000
                1295@000030f8: $26 <= 00000000
                1375@00003100: $ 4 <= ffffffff
                1385@00003104: $ 5 <= 53670000
                1435@00003118: $26 <= 7fffffff
                1485@00004180: $26 <= 00000000
                1495@00004184: $27 <= 00000000
                1525@0000311c: $26 <= 00000000
                1545@00003120: $ 4 <= ffffac99
                1555@00003124: $ 5 <= ffffffff
                1575@0000312c: $26 <= 7fffffff
                1625@00004180: $26 <= 00000000
                1635@00004184: $27 <= 00000000
                1665@00003130: $26 <= 00000000
                1675@00003134: $ 4 <= 7fffffff
                1685@0000313c: *00000000 <= 00000000
                1755@00003154: $26 <= 7fffffff
                1805@00004180: $26 <= 00000000
                1815@00004184: $27 <= 00000000
                1845@00003158: $26 <= 00000000
                1855@0000315c: $ 4 <= 00007a9e
                1865@00003160: $ 5 <= 00017bb2
                1935@0000317c: $26 <= 7fffffff
                1985@00004180: $26 <= 00000000
                1995@00004184: $27 <= 00000000
                2025@00003180: $26 <= 00000000
                2035@00003184: $ 4 <= 0000ac98
                2045@00003188: $ 4 <= 53670000
                2065@00003190: $26 <= 7fffffff
                2075@00003194: $ 3 <= 00000003
                2075@00003198: *00000000 <= 00000003
                2095@0000319c: $ 4 <= 00000003
                2175@00004180: $26 <= 00000000
                2185@00004184: $27 <= 00000000
                2225@000031a4: $26 <= 00000000
                2255@000031b8: $26 <= 7fffffff
                2265@000031bc: $31 <= 000031c4
                2315@00004180: $26 <= 00000000
                2325@00004184: $27 <= 00000000
                2355@000031bc: $31 <= 000031c4
                2365@000031c0: $26 <= 00000000
                2415@000031dc: $26 <= 7fffffff
                2465@00004180: $26 <= 00000000
                2475@00004184: $27 <= 00000000
                2505@000031e0: $26 <= 00000000
                2515@000031e4: $ 4 <= 000031e0
                2525@000031e8: $ 4 <= 00000030
                2535@000031ec: $ 4 <= 000031e0
                2545@000031f0: $ 4 <= 3b800001
                2565@000031f8: $26 <= 7fffffff
                2615@00004180: $26 <= 00000000
                2625@00004184: $27 <= 00000000
                2655@000031fc: $26 <= 00000000
                2715@00003218: $26 <= 7fffffff
                2765@00004180: $26 <= 00000000
                2775@00004184: $27 <= 00000000
                2805@0000321c: $26 <= 00000000
                2815@00003220: $ 4 <= 0000321c
                2825@00003224: $ 4 <= 00000030
                2835@00003228: $ 4 <= 0000321c
                2845@0000322c: $ 4 <= 3b800001
                2855@00003230: $26 <= 7fffffff
                2865@00003234: $ 9 <= 00003244
                2885@00003238: $31 <= 00003240
                2935@00004180: $26 <= 00000000
                2945@00004184: $27 <= 00000000
                2975@00003238: $31 <= 00003240
                2985@0000323c: $26 <= 00000000
# restart
# run 3.00us
Simulator is doing circuit initialization process.
Finished circuit initialization process.
                  45@00003000: $ 1 <= 00007f00
                  55@00003004: $ 2 <= 00007f10
                  65@00003008: $26 <= 7fff0000
                  75@0000300c: $19 <= 7fff0000
                  85@00003010: $19 <= 7fffffff
                  95@00003014: $ 9 <= ffff0000
                 105@00003018: $10 <= 0000ac99
                 155@00004180: $26 <= 00000000
                 165@00004184: $27 <= 00000000
                 195@0000301c: $24 <= 00000000
                 195@00003020: *00000000 <= 00000000
                 235@0000302c: $ 3 <= 00000000
                 245@00003030: $ 3 <= 00000000
                 255@00003034: $ 3 <= 00000000
                 265@00003038: $26 <= 0000ffff
                 275@0000303c: $27 <= 70000000
                 285@00003040: $26 <= 7000ffff
                 335@00004180: $26 <= 00000000
                 345@00004184: $27 <= 00000000
                 375@00003044: $27 <= 00000000
                 385@00003048: $27 <= 00000000
                 395@0000304c: $27 <= 00000000
                 405@00003050: $ 3 <= 00000000
                 415@00003054: $26 <= 7fff0000
                 425@00003058: $26 <= 7fffffff
                 475@00004180: $26 <= 00000000
                 485@00004184: $27 <= 00000000
                 515@0000305c: $21 <= 00000064
                 525@00003060: $ 5 <= 00000640
                 535@00003064: $ 5 <= 00000006
                 545@00003068: $ 5 <= 00000006
                 555@0000306c: $31 <= 00003074
                 575@00003078: $26 <= 80000000
                 625@00004180: $26 <= 00000000
                 635@00004184: $27 <= 00000000
                 665@0000307c: $ 4 <= ffffcf8c
                 665@00003080: *00000004 <= ffffcf8c
                 725@00003094: $ 1 <= 00010000
                 735@00003098: $26 <= 7fffffff
                 785@00004180: $26 <= 00000000
                 795@00004184: $27 <= 00000000
                 825@0000309c: $26 <= 00000000
                 835@000030a0: $ 3 <= ffffcf8c
                 845@000030a4: $ 3 <= 0000cf8c
                 855@000030a8: $ 4 <= ffffffff
                 865@000030ac: $ 4 <= 000000ff
                 875@000030b0: $ 4 <= ffffcf8c
                 885@000030b4: $ 4 <= 0000ffff
                 895@000030b8: $26 <= 7fffffff
                 945@00004180: $26 <= 00000000
                 955@00004184: $27 <= 00000000
                 985@000030bc: $26 <= 00000000
                 995@000030c0: $ 4 <= 00000003
                1005@000030c4: $ 4 <= 00000001
                1015@000030c8: $ 4 <= 0000cf8f
                1065@000030e0: $26 <= 7fffffff
                1115@00004180: $26 <= 00000000
                1125@00004184: $27 <= 00000000
                1155@000030e4: $26 <= 00000000
                1195@000030f0: $ 1 <= 00010000
                1205@000030f4: $26 <= 7fffffff
                1255@00004180: $26 <= 00000000
                1265@00004184: $27 <= 00000000
                1295@000030f8: $26 <= 00000000
                1375@00003100: $ 4 <= ffffffff
                1385@00003104: $ 5 <= 53670000
                1435@00003118: $26 <= 7fffffff
                1485@00004180: $26 <= 00000000
                1495@00004184: $27 <= 00000000
                1525@0000311c: $26 <= 00000000
                1545@00003120: $ 4 <= ffffac99
                1555@00003124: $ 5 <= ffffffff
                1575@0000312c: $26 <= 7fffffff
                1625@00004180: $26 <= 00000000
                1635@00004184: $27 <= 00000000
                1665@00003130: $26 <= 00000000
                1675@00003134: $ 4 <= 7fffffff
                1685@0000313c: *00000000 <= 00000000
                1755@00003154: $26 <= 7fffffff
                1805@00004180: $26 <= 00000000
                1815@00004184: $27 <= 00000000
                1845@00003158: $26 <= 00000000
                1855@0000315c: $ 4 <= 00007a9e
                1865@00003160: $ 5 <= 00017bb2
                1935@0000317c: $26 <= 7fffffff
                1985@00004180: $26 <= 00000000
                1995@00004184: $27 <= 00000000
                2025@00003180: $26 <= 00000000
                2035@00003184: $ 4 <= 0000ac98
                2045@00003188: $ 4 <= 53670000
                2065@00003190: $26 <= 7fffffff
                2075@00003194: $ 3 <= 00000003
                2075@00003198: *00000000 <= 00000003
                2095@0000319c: $ 4 <= 00000003
                2175@00004180: $26 <= 00000000
                2185@00004184: $27 <= 00000000
                2225@000031a4: $26 <= 00000000
                2255@000031b8: $26 <= 7fffffff
                2265@000031bc: $31 <= 000031c4
                2315@00004180: $26 <= 00000000
                2325@00004184: $27 <= 00000000
                2355@000031bc: $31 <= 000031c4
                2365@000031c0: $26 <= 00000000
                2415@000031dc: $26 <= 7fffffff
                2465@00004180: $26 <= 00000000
                2475@00004184: $27 <= 00000000
                2505@000031e0: $26 <= 00000000
                2515@000031e4: $ 4 <= 000031e0
                2525@000031e8: $ 4 <= 00000030
                2535@000031ec: $ 4 <= 000031e0
                2545@000031f0: $ 4 <= 3b800001
                2565@000031f8: $26 <= 7fffffff
                2615@00004180: $26 <= 00000000
                2625@00004184: $27 <= 00000000
                2655@000031fc: $26 <= 00000000
                2715@00003218: $26 <= 7fffffff
                2765@00004180: $26 <= 00000000
                2775@00004184: $27 <= 00000000
                2805@0000321c: $26 <= 00000000
                2815@00003220: $ 4 <= 0000321c
                2825@00003224: $ 4 <= 00000030
                2835@00003228: $ 4 <= 0000321c
                2845@0000322c: $ 4 <= 3b800001
                2855@00003230: $26 <= 7fffffff
                2865@00003234: $ 9 <= 00003244
                2885@00003238: $31 <= 00003240
                2935@00004180: $26 <= 00000000
                2945@00004184: $27 <= 00000000
                2975@00003238: $31 <= 00003240
                2985@0000323c: $26 <= 00000000
