ISim log file
Running: D:\coding\CO\Verilog\P5\tb_isim_beh.exe -intstyle ise -gui -tclbatch isim.cmd -wdb D:/coding/CO/Verilog/P5/tb_isim_beh.wdb 
INFO: There is another simulation running in the same directory. Using database file name isim1.wdb.
ISim P.20131013 (signature 0x7708f090)
WARNING: A WEBPACK license was found.
WARNING: Please use Xilinx License Configuration Manager to check out a full ISim license.
WARNING: ISim will run in Lite mode. Please refer to the ISim documentation for more information on the differences between the Lite and the Full version.
This is a Lite version of ISim.
Time resolution is 1 ps
# onerror resume
# wave add /
# run 1000 ns
Simulator is doing circuit initialization process.
Finished circuit initialization process.
                  45@00003000: $16 <= 00000068
                  45@00003004: *00000004 <= 00000000
                  65@00003008: $16 <= 0000000c
                  65@0000300c: *00000008 <= 00000068
                  85@00003010: $16 <= 0000005c
                  85@00003014: *0000000c <= 0000000c
                 105@00003018: $16 <= 00000050
                 105@0000301c: *00000010 <= 0000005c
                 125@00003020: $16 <= 0000004c
                 125@00003024: *00000014 <= 00000050
                 145@00003028: $16 <= 00000044
                 145@0000302c: *00000018 <= 0000004c
                 165@00003030: $16 <= 00000038
                 165@00003034: *0000001c <= 00000044
                 185@00003038: $16 <= 0000006c
                 185@0000303c: *00000020 <= 00000038
                 205@00003040: $16 <= 00000040
                 205@00003044: *00000024 <= 0000006c
                 225@00003048: $16 <= 00000004
                 225@0000304c: *00000028 <= 00000040
                 245@00003050: $16 <= 00000010
                 245@00003054: *0000002c <= 00000004
                 265@00003058: $16 <= 00000074
                 265@0000305c: *00000030 <= 00000010
                 285@00003060: $16 <= 0000001c
                 285@00003064: *00000034 <= 00000074
                 305@00003068: $16 <= 00000060
                 305@0000306c: *00000038 <= 0000001c
                 325@00003070: $16 <= 0000002c
                 325@00003074: *0000003c <= 00000060
                 345@00003078: $16 <= 00000008
                 345@0000307c: *00000040 <= 0000002c
                 365@00003080: $16 <= 00000014
                 365@00003084: *00000044 <= 00000008
                 385@00003088: $16 <= 00000028
                 385@0000308c: *00000048 <= 00000014
                 405@00003090: $16 <= 00000058
                 405@00003094: *0000004c <= 00000028
                 425@00003098: $16 <= 00000048
                 425@0000309c: *00000050 <= 00000058
                 445@000030a0: $16 <= 00000020
                 445@000030a4: *00000054 <= 00000048
                 465@000030a8: $16 <= 00000064
                 465@000030ac: *00000058 <= 00000020
                 485@000030b0: $16 <= 00000034
                 485@000030b4: *0000005c <= 00000064
                 505@000030b8: $16 <= 00000078
                 505@000030bc: *00000060 <= 00000034
                 525@000030c0: $16 <= 00000018
                 525@000030c4: *00000064 <= 00000078
                 545@000030c8: $16 <= 0000003c
                 545@000030cc: *00000068 <= 00000018
                 565@000030d0: $16 <= 00000054
                 565@000030d4: *0000006c <= 0000003c
                 585@000030d8: $16 <= 00000070
                 585@000030dc: *00000070 <= 00000054
                 605@000030e0: $16 <= 00000030
                 605@000030e4: *00000074 <= 00000070
                 625@000030e8: $16 <= 00000024
                 625@000030ec: *00000078 <= 00000030
                 645@000030f0: $ 1 <= 00005b25
                 655@000030f4: $ 2 <= 00005b25
                 665@000030f8: $ 3 <= 00005b25
                 675@000030fc: $ 4 <= 00005b25
                 685@00003100: $ 5 <= 00005b25
                 695@00003104: $ 6 <= 00005b25
                 705@00003108: $ 7 <= 00005b25
                 715@0000310c: $ 8 <= 00005b25
                 725@00003110: $ 9 <= 00005b25
                 735@00003114: $10 <= 00005b25
                 745@00003118: $11 <= 00005b25
                 755@0000311c: $12 <= 00005b25
                 765@00003120: $13 <= 00005b25
                 775@00003124: $14 <= 00005b25
                 785@00003128: $15 <= 00005b25
                 795@0000312c: $16 <= 00005b25
                 805@00003130: $17 <= 00005b25
                 815@00003134: $18 <= 00005b25
                 825@00003138: $19 <= 00005b25
                 835@0000313c: $20 <= 00005b25
                 845@00003140: $21 <= 00005b25
                 855@00003144: $22 <= 00005b25
                 865@00003148: $23 <= 00005b25
                 875@0000314c: $24 <= 00005b25
                 885@00003150: $25 <= 00005b25
                 895@00003154: $26 <= 00005b25
                 905@00003158: $27 <= 00005b25
                 915@0000315c: $28 <= 00005b25
                 925@00003160: $29 <= 00005b25
                 935@00003164: $30 <= 00005b25
                 945@00003168: $31 <= 00005b25
                 955@0000316c: $ 8 <= 00000008
                 965@00003170: $10 <= ffffd000
                 975@00003174: $31 <= 0000000c
                 985@00003178: $31 <= 00000000
                 995@0000317c: $31 <= 00000000
# restart
# run 1.00us
Simulator is doing circuit initialization process.
Finished circuit initialization process.
                  45@00003000: $16 <= 00000068
                  45@00003004: *00000004 <= 00000000
                  65@00003008: $16 <= 0000000c
                  65@0000300c: *00000008 <= 00000068
                  85@00003010: $16 <= 0000005c
                  85@00003014: *0000000c <= 0000000c
                 105@00003018: $16 <= 00000050
                 105@0000301c: *00000010 <= 0000005c
                 125@00003020: $16 <= 0000004c
                 125@00003024: *00000014 <= 00000050
                 145@00003028: $16 <= 00000044
                 145@0000302c: *00000018 <= 0000004c
                 165@00003030: $16 <= 00000038
                 165@00003034: *0000001c <= 00000044
                 185@00003038: $16 <= 0000006c
                 185@0000303c: *00000020 <= 00000038
                 205@00003040: $16 <= 00000040
                 205@00003044: *00000024 <= 0000006c
                 225@00003048: $16 <= 00000004
                 225@0000304c: *00000028 <= 00000040
                 245@00003050: $16 <= 00000010
                 245@00003054: *0000002c <= 00000004
                 265@00003058: $16 <= 00000074
                 265@0000305c: *00000030 <= 00000010
                 285@00003060: $16 <= 0000001c
                 285@00003064: *00000034 <= 00000074
                 305@00003068: $16 <= 00000060
                 305@0000306c: *00000038 <= 0000001c
                 325@00003070: $16 <= 0000002c
                 325@00003074: *0000003c <= 00000060
                 345@00003078: $16 <= 00000008
                 345@0000307c: *00000040 <= 0000002c
                 365@00003080: $16 <= 00000014
                 365@00003084: *00000044 <= 00000008
                 385@00003088: $16 <= 00000028
                 385@0000308c: *00000048 <= 00000014
                 405@00003090: $16 <= 00000058
                 405@00003094: *0000004c <= 00000028
                 425@00003098: $16 <= 00000048
                 425@0000309c: *00000050 <= 00000058
                 445@000030a0: $16 <= 00000020
                 445@000030a4: *00000054 <= 00000048
                 465@000030a8: $16 <= 00000064
                 465@000030ac: *00000058 <= 00000020
                 485@000030b0: $16 <= 00000034
                 485@000030b4: *0000005c <= 00000064
                 505@000030b8: $16 <= 00000078
                 505@000030bc: *00000060 <= 00000034
                 525@000030c0: $16 <= 00000018
                 525@000030c4: *00000064 <= 00000078
                 545@000030c8: $16 <= 0000003c
                 545@000030cc: *00000068 <= 00000018
                 565@000030d0: $16 <= 00000054
                 565@000030d4: *0000006c <= 0000003c
                 585@000030d8: $16 <= 00000070
                 585@000030dc: *00000070 <= 00000054
                 605@000030e0: $16 <= 00000030
                 605@000030e4: *00000074 <= 00000070
                 625@000030e8: $16 <= 00000024
                 625@000030ec: *00000078 <= 00000030
                 645@000030f0: $ 1 <= 00005b25
                 655@000030f4: $ 2 <= 00005b25
                 665@000030f8: $ 3 <= 00005b25
                 675@000030fc: $ 4 <= 00005b25
                 685@00003100: $ 5 <= 00005b25
                 695@00003104: $ 6 <= 00005b25
                 705@00003108: $ 7 <= 00005b25
                 715@0000310c: $ 8 <= 00005b25
                 725@00003110: $ 9 <= 00005b25
                 735@00003114: $10 <= 00005b25
                 745@00003118: $11 <= 00005b25
                 755@0000311c: $12 <= 00005b25
                 765@00003120: $13 <= 00005b25
                 775@00003124: $14 <= 00005b25
                 785@00003128: $15 <= 00005b25
                 795@0000312c: $16 <= 00005b25
                 805@00003130: $17 <= 00005b25
                 815@00003134: $18 <= 00005b25
                 825@00003138: $19 <= 00005b25
                 835@0000313c: $20 <= 00005b25
                 845@00003140: $21 <= 00005b25
                 855@00003144: $22 <= 00005b25
                 865@00003148: $23 <= 00005b25
                 875@0000314c: $24 <= 00005b25
                 885@00003150: $25 <= 00005b25
                 895@00003154: $26 <= 00005b25
                 905@00003158: $27 <= 00005b25
                 915@0000315c: $28 <= 00005b25
                 925@00003160: $29 <= 00005b25
                 935@00003164: $30 <= 00005b25
                 945@00003168: $31 <= 00005b25
                 955@0000316c: $ 8 <= 00000008
                 965@00003170: $10 <= ffffd000
                 975@00003174: $31 <= 0000000c
                 985@00003178: $31 <= 00000000
                 995@0000317c: $31 <= 00000000
# restart
# run 1.00us
Simulator is doing circuit initialization process.
Finished circuit initialization process.
                  45@00003000: $16 <= 00000068
                  45@00003004: *00000004 <= 00000000
                  65@00003008: $16 <= 0000000c
                  65@0000300c: *00000008 <= 00000068
                  85@00003010: $16 <= 0000005c
                  85@00003014: *0000000c <= 0000000c
                 105@00003018: $16 <= 00000050
                 105@0000301c: *00000010 <= 0000005c
                 125@00003020: $16 <= 0000004c
                 125@00003024: *00000014 <= 00000050
                 145@00003028: $16 <= 00000044
                 145@0000302c: *00000018 <= 0000004c
                 165@00003030: $16 <= 00000038
                 165@00003034: *0000001c <= 00000044
                 185@00003038: $16 <= 0000006c
                 185@0000303c: *00000020 <= 00000038
                 205@00003040: $16 <= 00000040
                 205@00003044: *00000024 <= 0000006c
                 225@00003048: $16 <= 00000004
                 225@0000304c: *00000028 <= 00000040
                 245@00003050: $16 <= 00000010
                 245@00003054: *0000002c <= 00000004
                 265@00003058: $16 <= 00000074
                 265@0000305c: *00000030 <= 00000010
                 285@00003060: $16 <= 0000001c
                 285@00003064: *00000034 <= 00000074
                 305@00003068: $16 <= 00000060
                 305@0000306c: *00000038 <= 0000001c
                 325@00003070: $16 <= 0000002c
                 325@00003074: *0000003c <= 00000060
                 345@00003078: $16 <= 00000008
                 345@0000307c: *00000040 <= 0000002c
                 365@00003080: $16 <= 00000014
                 365@00003084: *00000044 <= 00000008
                 385@00003088: $16 <= 00000028
                 385@0000308c: *00000048 <= 00000014
                 405@00003090: $16 <= 00000058
                 405@00003094: *0000004c <= 00000028
                 425@00003098: $16 <= 00000048
                 425@0000309c: *00000050 <= 00000058
                 445@000030a0: $16 <= 00000020
                 445@000030a4: *00000054 <= 00000048
                 465@000030a8: $16 <= 00000064
                 465@000030ac: *00000058 <= 00000020
                 485@000030b0: $16 <= 00000034
                 485@000030b4: *0000005c <= 00000064
                 505@000030b8: $16 <= 00000078
                 505@000030bc: *00000060 <= 00000034
                 525@000030c0: $16 <= 00000018
                 525@000030c4: *00000064 <= 00000078
                 545@000030c8: $16 <= 0000003c
                 545@000030cc: *00000068 <= 00000018
                 565@000030d0: $16 <= 00000054
                 565@000030d4: *0000006c <= 0000003c
                 585@000030d8: $16 <= 00000070
                 585@000030dc: *00000070 <= 00000054
                 605@000030e0: $16 <= 00000030
                 605@000030e4: *00000074 <= 00000070
                 625@000030e8: $16 <= 00000024
                 625@000030ec: *00000078 <= 00000030
                 645@000030f0: $ 1 <= 00005b25
                 655@000030f4: $ 2 <= 00005b25
                 665@000030f8: $ 3 <= 00005b25
                 675@000030fc: $ 4 <= 00005b25
                 685@00003100: $ 5 <= 00005b25
                 695@00003104: $ 6 <= 00005b25
                 705@00003108: $ 7 <= 00005b25
                 715@0000310c: $ 8 <= 00005b25
                 725@00003110: $ 9 <= 00005b25
                 735@00003114: $10 <= 00005b25
                 745@00003118: $11 <= 00005b25
                 755@0000311c: $12 <= 00005b25
                 765@00003120: $13 <= 00005b25
                 775@00003124: $14 <= 00005b25
                 785@00003128: $15 <= 00005b25
                 795@0000312c: $16 <= 00005b25
                 805@00003130: $17 <= 00005b25
                 815@00003134: $18 <= 00005b25
                 825@00003138: $19 <= 00005b25
                 835@0000313c: $20 <= 00005b25
                 845@00003140: $21 <= 00005b25
                 855@00003144: $22 <= 00005b25
                 865@00003148: $23 <= 00005b25
                 875@0000314c: $24 <= 00005b25
                 885@00003150: $25 <= 00005b25
                 895@00003154: $26 <= 00005b25
                 905@00003158: $27 <= 00005b25
                 915@0000315c: $28 <= 00005b25
                 925@00003160: $29 <= 00005b25
                 935@00003164: $30 <= 00005b25
                 945@00003168: $31 <= 00005b25
                 955@0000316c: $ 8 <= 00000008
                 965@00003170: $10 <= ffffd000
                 975@00003174: $31 <= 0000000c
                 985@00003178: $31 <= 00000000
                 995@0000317c: $31 <= 00000000
